# Elapsed time   CPU (%)     Real (MB)   Virtual (MB)
       0.002        0.000       95.383     8199.289
       1.003       47.900      507.625     8199.289
       2.005       49.900      921.672     8199.289
       3.006       47.900     1341.648     8199.289
       4.008       49.900     1760.594     8199.289
       5.010       47.900     2178.766     8199.289
       6.011       48.900     2589.719     8199.289
       7.013       46.900     3012.531     8199.289
       8.015       48.900     3440.242     8199.289
       9.015      853.300     3811.168     9407.410
      10.017     2396.900     4014.199     9407.410
      11.018     2382.900     4554.891     9407.410
      12.019     1177.300     5382.480     9471.410
      13.021      670.000     5878.637     9471.410
      14.023      583.100     6135.949     9471.410
      15.024      442.400     6301.484     9471.410
      16.026      437.300     6524.262     9471.410
      17.027      325.500     6694.422     9471.410
      18.029      337.400     6873.793     9471.410
      19.030      316.500     7034.102     9471.410
      20.032      304.500     7169.980     9471.410
      21.034      280.500     7293.992     9471.410
      22.035      305.500     7452.949     9471.410
      23.037      303.500     7622.137     9471.410
      24.039      269.600     7760.965     9471.410
      25.040      241.600     7878.777     9471.410
      26.042      261.600     7998.559     9471.410
      27.043      212.700     8105.445     9471.410
      28.045      165.700     8163.910     9471.410
      29.047       85.900     8194.555     9255.305
      30.048       19.000     8194.555     9255.305
      31.050       24.000     8194.555     9255.305
      32.051       37.900     8194.555     9255.305
      33.053       38.900     8194.555     9255.305
      34.054       37.900     8194.555     9255.305
      35.056       35.900     8194.555     9255.305
      36.058       34.900     8194.555     9255.305
      37.059       22.000     8194.555     9255.305
      38.061       37.900     8194.555     9255.305
      39.062       37.900     8194.555     9255.305
      40.063      510.400     8194.570     9471.410
      41.065     2395.900     8194.758     9471.410
      42.066     2331.800     8194.781     9471.410
      43.067     1380.200     8194.785     9471.410
      44.069      992.700     8194.785     9471.410
      45.070      578.200     8194.785     9471.410
      46.072      568.100     8194.785     9471.410
      47.073      402.400     8194.785     9471.410
      48.075      331.600     8194.785     9471.410
      49.076      344.600     8194.785     9471.410
      50.077      298.500     8194.785     9471.410
      51.079      262.600     8194.785     9471.410
      52.080      240.600     8194.785     9471.410
      53.082      189.700     8194.785     9471.410
      54.083      214.600     8194.785     9471.410
      55.085      206.700     8194.785     9471.410
      56.087      204.700     8194.785     9471.410
      57.088      217.600     8194.785     9471.410
      58.090      203.700     8194.785     9471.410
      59.092      114.800     8194.566     9255.305
      60.093       32.900     8194.566     9255.305
      61.095       34.900     8194.566     9255.305
      62.096       34.900     8194.566     9255.305
      63.098       34.900     8194.566     9255.305
      64.099       32.900     8194.566     9255.305
      65.101       33.900     8194.566     9255.305
      66.103       32.000     8194.566     9255.305
      67.104       35.900     8194.566     9255.305
      68.106     1709.600     8194.566     9471.410
      69.107     2396.900     8194.590     9471.410
      70.108     1914.600     8194.785     9471.410
      71.109      818.800     8194.785     9471.410
      72.111      509.200     8194.785     9471.410
      73.112      477.200     8194.785     9471.410
      74.114      419.300     8194.785     9471.410
      75.115      349.500     8194.785     9471.410
      76.117      293.600     8194.785     9471.410
      77.118      296.500     8194.785     9471.410
      78.120      280.700     8194.785     9471.410
      79.121      238.600     8194.785     9471.410
      80.123      191.700     8194.785     9471.410
      81.124      268.600     8194.785     9471.410
      82.126      263.600     8194.785     9471.410
      83.127      250.600     8194.785     9471.410
      84.129      217.700     8194.785     9471.410
      85.131      280.500     8194.785     9471.410
      86.132       67.900     8194.574     9255.305
      87.134       35.900     8194.574     9255.305
      88.135       36.900     8194.574     9255.305
      89.137       37.900     8194.574     9255.305
      90.138       36.900     8194.574     9255.305
      91.140       36.900     8194.574     9255.305
      92.141       35.900     8194.574     9255.305
      93.143       35.900     8194.574     9255.305
      94.143      126.900     8194.691     9471.410
      95.145     2396.900     8194.715     9471.410
      96.146     2383.900     8194.785     9471.410
      97.147     1491.000     8194.805     9471.410
      98.149      983.600     8194.805     9471.410
      99.150      479.300     8194.805     9471.410
     100.152      354.500     8194.805     9471.410
     101.153      353.500     8194.805     9471.410
     102.155      289.600     8194.805     9471.410
     103.156      315.700     8194.805     9471.410
     104.157      228.600     8194.805     9471.410
     105.159      286.500     8194.805     9471.410
     106.160      247.800     8194.805     9471.410
     107.161      248.700     8194.805     9471.410
     108.162      255.600     8194.805     9471.410
     109.164      210.700     8194.805     9471.410
     110.166      190.700     8194.805     9471.410
     111.167      207.700     8194.805     9471.410
     112.169      186.700     8194.805     9471.410
     113.170       41.900     8194.594     9255.305
     114.172       33.900     8194.594     9255.305
     115.173       35.900     8194.594     9255.305
     116.175       35.900     8194.594     9255.305
     117.176       34.900     8194.594     9255.305
     118.178       35.900     8194.594     9255.305
     119.179       34.900     8194.594     9255.305
     120.181       37.900     8194.594     9255.305
     121.182      636.100     8194.625     9471.410
     122.183     2406.500     8194.656     9471.410
     123.185     2314.000     8194.727     9471.410
     124.186     1123.500     8194.820     9471.410
     125.188      675.000     8194.820     9471.410
     126.189      412.400     8194.820     9471.410
     127.190      327.500     8194.820     9471.410
     128.192      377.500     8194.820     9471.410
     129.193      352.500     8194.820     9471.410
     130.195      351.500     8194.820     9471.410
     131.196      318.500     8194.820     9471.410
     132.198      269.600     8194.820     9471.410
     133.199      293.600     8194.820     9471.410
     134.201      327.500     8194.820     9471.410
     135.202      290.500     8194.820     9471.410
     136.204      253.600     8194.820     9471.410
     137.206      265.600     8194.820     9471.410
     138.207      211.700     8194.820     9471.410
     139.209      107.800     8194.609     9255.305
     140.211       35.900     8194.609     9255.305
     141.212       37.000     8194.609     9255.305
     142.213       35.900     8194.609     9255.305
     143.215       33.900     8194.609     9255.305
     144.216       33.900     8194.609     9255.305
     145.218       34.900     8194.609     9255.305
     146.219     1813.400     8194.805     9471.410
     147.221     2284.400     8194.828     9471.410
     148.222      950.700     8194.832     9471.410
     149.224      638.100     8194.832     9471.410
     150.225      382.400     8194.832     9471.410
     151.226      310.500     8194.832     9471.410
     152.228      278.600     8194.832     9471.410
     153.230      286.500     8194.832     9471.410
     154.231      275.600     8194.832     9471.410
     155.233      282.600     8194.832     9471.410
     156.234      304.500     8194.832     9471.410
     157.236      259.600     8194.832     9471.410
     158.238      254.600     8194.832     9471.410
     159.239      188.700     8194.832     9471.410
     160.241      123.800       78.395     2428.637
     161.242       99.800     1734.066     3793.973
     162.244       99.900     3451.871     5159.309
     163.245       99.800     5176.121     6524.645
     164.247       99.800     6930.535     9255.316
     165.248       99.800     8194.590     9255.316
     166.250      100.800     8194.590     9255.316
     167.251       98.900     8194.590     9255.316
     168.253      100.900     8194.590     9255.316
     169.254       99.900     8194.590     9255.316
     170.256       99.900     8194.590     9255.316
     171.257       99.900     8194.590     9255.316
     172.259       99.800     8194.590     9255.316
     173.260      100.800     8194.590     9255.316
     174.262       98.900     8194.590     9255.316
     175.263      100.800     8194.590     9255.316
     176.265       99.900     8194.590     9255.316
     177.266       99.900     8194.590     9255.316
     178.268       99.900     8194.590     9255.316
     179.269       99.900     8194.590     9255.316
     180.271      100.900     8194.590     9255.316
     181.272       98.800     8194.590     9255.316
     182.274       99.800     8194.590     9255.316
     183.275      100.800     8194.590     9255.316
     184.277       98.800     8194.590     9255.316
     185.279      100.800     8194.590     9255.316
     186.280       99.800     8194.590     9255.316
     187.282       99.900     8194.590     9255.316
     188.283      100.900     8194.590     9255.316
     189.285       99.800     8194.590     9255.316
     190.286       99.900     8194.590     9255.316
     191.288       97.900     8194.590     9255.316
     192.289       97.800     8194.590     9255.316
     193.291       99.800     8194.590     9255.316
     194.292       98.800     8194.590     9255.316
     195.294       98.800     8194.590     9255.316
     196.295       97.800     8194.660     9255.316
     197.297       98.800     8194.660     9255.316
     198.299       97.800     8194.660     9255.316
     199.300       98.800     8194.660     9255.316
     200.302       99.800     8194.660     9255.316
     201.303       96.800     8194.660     9255.316
     202.305       99.800     8194.660     9255.316
     203.307       99.800     8194.660     9255.316
     204.308       97.800     8194.660     9255.316
     205.310       99.800     8194.660     9255.316
     206.311       99.900     8194.660     9255.316
     207.313       98.800     8194.660     9255.316
     208.314      100.800     8194.660     9255.316
     209.316       99.900     8194.660     9255.316
     210.317       99.900     8194.660     9255.316
     211.319       97.800     8194.660     9255.316
     212.320       98.800     8194.660     9255.316
     213.322       97.800     8194.660     9255.316
     214.324       99.800     8194.660     9255.316
     215.325       98.800     8194.660     9255.316
     216.327       98.900     8194.660     9255.316
     217.328       98.900     8194.660     9255.316
     218.329       97.800     8194.660     9255.316
     219.331       99.800     8194.660     9255.316
     220.332       98.800     8194.660     9255.316
     221.334       97.800     8194.660     9255.316
     222.336       99.800     8194.660     9255.316
     223.337      100.800     8194.660     9255.316
     224.339       98.800     8194.660     9255.316
     225.340      100.800     8194.660     9255.316
     226.342       99.800     8194.660     9255.316
     227.343       99.800     8194.660     9255.316
     228.345       96.800     8194.660     9255.316
     229.346       98.800     8194.660     9255.316
     230.348       98.800     8194.660     9255.316
     231.350       99.800     5463.988     6524.645
     232.351       93.800        2.645     1063.301
     233.353        8.000        2.645     1063.301
     234.354        7.000        2.645     1063.301
     235.356        7.000        2.645     1063.301
     236.358        7.000        2.645     1063.301
     237.359        8.000        2.645     1063.301
Records: 170000000
Checksum: 510ed1586f0db48
Duplicate keys: 0
SUCCESS - all records are in order
