# Elapsed time   CPU (%)     Real (MB)   Virtual (MB)
       0.002        0.000      101.984     8199.289
       1.003       47.900      525.828     8199.289
       2.004       49.900      957.664     8199.289
       3.006       46.900     1384.859     8199.289
       4.008       49.900     1815.406     8199.289
       5.009       49.900     2244.664     8199.289
       6.011       47.900     2677.273     8199.289
       7.013      452.300     3096.125    13247.785
       8.014     2405.300     3446.980    13247.785
       9.015     2116.200     5273.492    13247.785
      10.016      839.800     5985.852    13311.785
      11.018      434.300     6228.043    13311.785
      12.019      405.400     6438.902    13311.785
      13.021      445.400     6635.418    13311.785
      14.022      575.100     6730.129    13311.785
      15.024      458.300     6931.949    13311.785
      16.025      406.400     7137.949    13311.785
      17.027      397.400     7333.883    13311.785
      18.028      406.400     7523.117    13311.785
      19.030      352.400     7665.289    13311.785
      20.032      313.500     7814.012    13311.785
      21.033      339.500     7983.195    13311.785
      22.035      235.600     8075.305    13311.785
      23.036      245.600     8175.457    13311.785
      24.038       44.900     8194.668    12327.305
      25.040       19.000     8194.668    12327.305
      26.041       18.000     8194.668    12327.305
      27.043       20.000     8194.668    12327.305
      28.044       35.900     8194.668    12327.305
      29.046       40.900     8194.668    12327.305
      30.048       39.900     8194.668    12327.305
      31.049       40.900     8194.668    12327.305
      32.051       40.900     8194.668    12327.305
      33.052      331.500     8195.211    13311.785
      34.053     2397.800     8195.578    13311.785
      35.054     2282.200     8195.664    13311.785
      36.055     1421.000     8195.668    13311.785
      37.057      550.200     8195.668    13311.785
      38.058      415.400     8195.668    13311.785
      39.060      486.300     8195.668    13311.785
      40.061      371.400     8195.668    13311.785
      41.063      451.300     8195.668    13311.785
      42.064      438.400     8195.668    13311.785
      43.066      421.400     8195.668    13311.785
      44.067      446.300     8195.668    13311.785
      45.069      357.400     8195.668    13311.785
      46.070      312.700     8195.668    13311.785
      47.071      305.500     8195.668    13311.785
      48.073      278.500     8195.668    13311.785
      49.075       54.900     8194.707    12327.305
      50.076       34.900     8194.707    12327.305
      51.078       35.900     8194.707    12327.305
      52.079       36.900     8194.707    12327.305
      53.081       35.900     8194.707    12327.305
      54.082       36.900     8194.707    12327.305
      55.084       37.900     8194.707    12327.305
      56.085     2020.100     8195.477    13311.785
      57.087     2363.800     8195.711    13311.785
      58.088     1075.500     8195.715    13311.785
      59.090      425.400     8195.715    13311.785
      60.091      404.400     8195.715    13311.785
      61.093      420.400     8195.715    13311.785
      62.094      396.400     8195.715    13311.785
      63.095      430.400     8195.715    13311.785
      64.097      414.400     8195.715    13311.785
      65.098      419.600     8195.715    13311.785
      66.099      370.400     8195.715    13311.785
      67.101      364.500     8195.715    13311.785
      68.102      354.500     8195.715    13311.785
      69.104      266.600     8195.715    13311.785
      70.106      120.800     8194.754    12327.305
      71.107       17.000     8194.754    12327.305
      72.109       20.000     8194.754    12327.305
      73.110       35.900     8194.754    12327.305
      74.112       35.900     8194.754    12327.305
      75.114       36.900     8194.754    12327.305
      76.115       35.900     8194.754    12327.305
      77.117       34.900     8194.754    12327.305
      78.118       17.000     8194.754    12327.305
      79.120       18.000     8194.754    12327.305
      80.121       18.000     8194.754    12327.305
      81.123     2330.500     8195.465    13311.938
      82.124     2290.300     8195.754    13311.938
      83.126     1074.600     8195.754    13311.938
      84.127      485.300     8195.754    13311.938
      85.129      501.200     8195.754    13311.938
      86.130      420.300     8195.754    13311.938
      87.132      408.400     8195.754    13311.938
      88.133      420.400     8195.754    13311.938
      89.135      384.400     8195.754    13311.938
      90.137      313.500     8195.754    13311.938
      91.138      313.500     8195.754    13311.938
      92.140      331.500     8195.754    13311.938
      93.141      301.500     8195.754    13311.938
      94.143      274.500     8195.754    13311.938
      95.145       93.800     8194.793    12327.457
      96.146       32.900     8194.793    12327.457
      97.148       33.900     8194.793    12327.457
      98.149       34.900     8194.793    12327.457
      99.151       32.900     8194.793    12327.457
     100.152       32.000     8194.793    12327.457
     101.154       32.900     8194.793    12327.457
     102.155     1916.300     8194.832    13311.938
     103.157     2375.800     8195.793    13311.938
     104.158     1148.400     8195.793    13311.938
     105.159      429.300     8195.793    13311.938
     106.161      421.300     8195.793    13311.938
     107.163      413.300     8195.793    13311.938
     108.164      401.400     8195.793    13311.938
     109.166      415.500     8195.793    13311.938
     110.167      489.300     8195.793    13311.938
     111.169      396.400     8195.793    13311.938
     112.170      414.300     8195.793    13311.938
     113.172      386.400     8195.793    13311.938
     114.174      353.500     8195.793    13311.938
     115.175      312.500     8195.793    13311.938
     116.177      206.700     8194.832    12327.457
     117.178       27.000     8194.832    12327.457
     118.180       17.000     8194.832    12327.457
     119.181       16.000     8194.832    12327.457
     120.183       16.000     8194.832    12327.457
     121.185       17.000     8194.832    12327.457
     122.186       16.000     8194.832    12327.457
     123.188       17.000     8194.832    12327.457
     124.189       17.000     8194.832    12327.457
     125.191       17.000     8194.832    12327.457
     126.192       15.000     8194.832    12327.457
     127.194       15.000     8194.832    12327.457
     128.196       18.000     8194.832    12327.457
     129.197       16.000     8194.832    12327.457
     130.200       15.900     8194.832    12327.457
     131.202       16.000     8194.832    12327.457
     132.203       31.000     8194.832    12327.457
     133.205     1229.200     8194.887    13311.938
     134.206     2404.100     8195.820    13311.938
     135.207     1836.500     8195.832    13311.938
     136.209      465.300     8195.832    13311.938
     137.210      398.400     8195.832    13311.938
     138.212      428.300     8195.832    13311.938
     139.213      411.300     8195.832    13311.938
     140.215      382.500     8195.832    13311.938
     141.216      375.400     8195.832    13311.938
     142.218      331.500     8195.832    13311.938
     143.219      317.500     8195.832    13311.938
     144.221      305.500     8195.832    13311.938
     145.223      302.500     8195.832    13311.938
     146.224      263.600     8195.832    13311.938
     147.226      187.700     8194.871    12327.457
     148.228       33.900     8194.871    12327.457
     149.229       34.900     8194.871    12327.457
     150.231       33.900     8194.871    12327.457
     151.233       34.900     8194.871    12327.457
     152.234       36.900     8194.871    12327.457
     153.236       35.900     8194.871    12327.457
     154.238      974.600     8194.871    13311.938
     155.239     2397.800     8195.297    13311.938
     156.240     1717.500     8195.871    13311.938
     157.242      761.900     8195.871    13311.938
     158.243      418.400     8195.871    13311.938
     159.245      365.500     8195.871    13311.938
     160.246      347.500     8195.871    13311.938
     161.248      427.300     8195.871    13311.938
     162.249      363.500     8195.871    13311.938
     163.251      358.400     8195.871    13311.938
     164.252      387.400     8195.871    13311.938
     165.254      402.400     8195.871    13311.938
     166.256      312.500     8195.871    13311.938
     167.257      309.500     8195.871    13311.938
     168.259      332.400     8195.871    13311.938
     169.261      118.800     8194.910    12327.457
     170.262       16.000     8194.910    12327.457
     171.264       16.000     8194.910    12327.457
     172.265       16.000     8194.910    12327.457
     173.267       16.000     8194.910    12327.457
     174.269       17.000     8194.910    12327.457
     175.270       16.000     8194.910    12327.457
     176.272       17.000     8194.910    12327.457
     177.274       17.000     8194.910    12327.457
     178.275       16.000     8194.910    12327.457
     179.277       18.000     8194.910    12327.457
     180.278       17.000     8194.910    12327.457
     181.280       15.000     8194.910    12327.457
     182.282       33.900     8194.910    12327.457
     183.283       37.900     8194.910    12327.457
     184.285      940.600     8194.910    13312.070
     185.286     2404.500     8195.480    13312.070
     186.287     1826.300     8195.906    13312.070
     187.289      719.900     8195.910    13312.070
     188.290      400.600     8195.910    13312.070
     189.291      372.400     8195.910    13312.070
     190.293      377.400     8195.910    13312.070
     191.294      407.300     8195.910    13312.070
     192.296      367.400     8195.910    13312.070
     193.298      373.300     8195.910    13312.070
     194.299      420.400     8195.910    13312.070
     195.301      405.300     8195.910    13312.070
     196.302      370.700     8195.910    13312.070
     197.303      356.500     8195.910    13312.070
     198.305      292.500     8194.949    12327.590
     199.306       33.900     8194.949    12327.590
     200.308       33.900     8194.949    12327.590
     201.310       34.900     8194.949    12327.590
     202.311       33.900     8194.949    12327.590
     203.313       32.900     8194.949    12327.590
     204.314       33.900     8194.949    12327.590
     205.316      595.100     8194.949    13312.070
     206.317     2399.800     8195.145    13312.070
     207.318     2116.600     8195.945    13312.070
     208.319      646.000     8195.945    13312.070
     209.321      461.300     8195.945    13312.070
     210.322      514.200     8195.945    13312.070
     211.324      443.400     8195.945    13312.070
     212.325      452.300     8195.945    13312.070
     213.327      377.400     8195.945    13312.070
     214.328      367.400     8195.945    13312.070
     215.330      363.500     8195.945    13312.070
     216.331      317.500     8195.945    13312.070
     217.333      317.500     8195.945    13312.070
     218.334      307.800     8195.945    13312.070
     219.335      284.500     8195.945    13312.070
     220.337      109.800     8194.984    12327.590
     221.339       14.000     8194.984    12327.590
     222.340       16.000     8194.984    12327.590
     223.342       16.000     8194.984    12327.590
     224.343       22.000     8194.984    12327.590
     225.345       35.900     8194.984    12327.590
     226.347       35.900     8194.984    12327.590
     227.348       36.900     8194.984    12327.590
     228.350       34.900     8194.984    12327.590
     229.351       36.900     8194.984    12327.590
     230.353     1915.300     8194.984    13312.070
     231.354     2367.600     8195.984    13312.070
     232.355     1203.300     8195.984    13312.070
     233.357      418.400     8195.984    13312.070
     234.358      393.400     8195.984    13312.070
     235.360      438.300     8195.984    13312.070
     236.361      400.400     8195.984    13312.070
     237.362      407.800     8195.984    13312.070
     238.363      400.400     8195.984    13312.070
     239.365      325.500     8195.984    13312.070
     240.366      412.600     8195.984    13312.070
     241.367      388.400     8195.984    13312.070
     242.369      363.400     8195.984    13312.070
     243.370      337.500     8195.984    13312.070
     244.372      115.800     8195.023    12327.590
     245.374       19.000     8195.023    12327.590
     246.375       33.900     8195.023    12327.590
     247.377       33.900     8195.023    12327.590
     248.379       32.900     8195.023    12327.590
     249.380       34.900     8195.023    12327.590
     250.382       34.900     8195.023    12327.590
     251.384       36.900     8195.023    12327.590
     252.385     2144.800     8195.293    13312.070
     253.386     2313.900     8196.020    13312.070
     254.387      960.700     8196.023    13312.070
     255.388      433.300     8196.023    13312.070
     256.390      471.400     8196.023    13312.070
     257.391      438.300     8196.023    13312.070
     258.393      383.400     8196.023    13312.070
     259.394      421.300     8196.023    13312.070
     260.396      409.300     8196.023    13312.070
     261.398      363.500     8196.023    13312.070
     262.399      383.400     8196.023    13312.070
     263.401      344.500     8196.023    13312.070
     264.402      365.400     8196.023    13312.070
     265.404      359.400     8196.023    13312.070
     266.405      183.700     8195.062    12327.590
     267.407       16.000     8195.062    12327.590
     268.409       17.000     8195.062    12327.590
     269.410       16.000     8195.062    12327.590
     270.412       16.000     8195.062    12327.590
     271.413       18.000     8195.062    12327.590
     272.415       16.000     8195.062    12327.590
     273.417       22.000     8195.062    12327.590
     274.418       35.900     8195.062    12327.590
     275.420       36.900     8195.062    12327.590
     276.421       36.900     8195.062    12327.590
     277.423       38.900     8195.062    12327.590
     278.424     2066.000     8195.172    13312.203
     279.426     2341.000     8196.059    13312.203
     280.427     1075.500     8196.059    13312.203
     281.429      452.300     8196.059    13312.203
     282.430      370.400     8196.059    13312.203
     283.432      453.300     8196.059    13312.203
     284.433      464.300     8196.059    13312.203
     285.435      432.400     8196.059    13312.203
     286.436      429.400     8196.059    13312.203
     287.438      441.300     8196.059    13312.203
     288.439      437.300     8196.059    13312.203
     289.441      353.400     8196.059    13312.203
     290.442      321.700     8196.059    13312.203
     291.443      296.500     8196.059    13312.203
     292.445      171.700     8195.098    12327.723
     293.447       16.000     8195.098    12327.723
     294.448       19.000     8195.098    12327.723
     295.450       36.900     8195.098    12327.723
     296.452       38.900     8195.098    12327.723
     297.453       37.900     8195.098    12327.723
     298.455       38.900     8195.098    12327.723
     299.456       35.900     8195.098    12327.723
     300.458      264.600     8195.121    13064.082
     301.459     2397.800     8195.688    13312.203
     302.460     2238.000     8196.102    13312.203
     303.462     1014.400     8196.105    13312.203
     304.463      415.300     8196.105    13312.203
     305.465      385.400     8196.105    13312.203
     306.466      363.700     8196.105    13312.203
     307.467      386.400     8196.105    13312.203
     308.469      414.300     8196.105    13312.203
     309.470      365.400     8196.105    13312.203
     310.472      352.500     8196.105    13312.203
     311.474      337.500     8196.105    13312.203
     312.475      357.400     8196.105    13312.203
     313.477      347.500     8196.105    13312.203
     314.478      295.700     8196.105    13312.203
     315.480       88.800     8195.145    12327.723
     316.481       33.900     8195.145    12327.723
     317.483       32.900     8195.145    12327.723
     318.484       34.900     8195.145    12327.723
     319.486       33.900     8195.145    12327.723
     320.488       35.900     8195.145    12327.723
     321.489       35.900     8195.145    12327.723
     322.491     2275.700     8195.262    13312.203
     323.492     2288.000     8196.141    13312.203
     324.494     1089.400     8196.141    13312.203
     325.495      424.300     8196.141    13312.203
     326.497      464.200     8196.141    13312.203
     327.499      420.300     8196.141    13312.203
     328.500      407.300     8196.141    13312.203
     329.502      389.400     8196.141    13312.203
     330.503      381.400     8196.141    13312.203
     331.505      404.400     8196.141    13312.203
     332.506      357.400     8196.141    13312.203
     333.508      363.400     8196.141    13312.203
     334.510      350.400     8196.141    13312.203
     335.511      235.600     8196.141    13312.203
     336.513       49.900     8195.180    12327.723
     337.515       15.000     8195.180    12327.723
     338.516       17.000     8195.180    12327.723
     339.518       16.000     8195.180    12327.723
     340.519       15.000     8195.180    12327.723
     341.521       16.000     8195.180    12327.723
     342.522       15.000     8195.180    12327.723
     343.524       26.000     8195.180    12327.723
     344.526       35.900     8195.180    12327.723
     345.527       34.900     8195.180    12327.723
     346.529       33.900     8195.180    12327.723
     347.530      909.000     8195.180    13312.203
     348.531     2395.800     8195.375    13312.203
     349.532     1834.600     8196.180    13312.203
     350.534      487.300     8196.180    13312.203
     351.535      434.300     8196.180    13312.203
     352.537      408.400     8196.180    13312.203
     353.538      409.600     8196.180    13312.203
     354.539      384.400     8196.180    13312.203
     355.541      412.300     8196.180    13312.203
     356.542      416.600     8196.180    13312.203
     357.543      359.400     8196.180    13312.203
     358.545      371.400     8196.180    13312.203
     359.547      343.400     8196.180    13312.203
     360.548      362.400     8196.180    13312.203
     361.550      283.600     8195.219    12327.723
     362.551       17.000     8195.219    12327.723
     363.553       16.000     8195.219    12327.723
     364.554       19.000     8195.219    12327.723
     365.556       36.900     8195.219    12327.723
     366.557       35.900     8195.219    12327.723
     367.559       35.900     8195.219    12327.723
     368.560       35.900     8195.219    12327.723
     369.562       35.900     8195.219    12327.723
     370.563      556.200     8195.219    13312.336
     371.565     2398.800     8195.219    13312.336
     372.566     2152.800     8196.219    13312.336
     373.567      525.200     8196.219    13312.336
     374.569      426.300     8196.219    13312.336
     375.570      407.400     8196.219    13312.336
     376.572      392.300     8196.219    13312.336
     377.574      407.400     8196.219    13312.336
     378.575      353.400     8196.219    13312.336
     379.577      402.400     8196.219    13312.336
     380.578      385.400     8196.219    13312.336
     381.580      350.400     8196.219    13312.336
     382.582      311.500     8196.219    13312.336
     383.583      329.500     8196.219    13312.336
     384.585      197.700     8195.258    12327.855
     385.586       21.000     8195.258    12327.855
     386.588       35.900     8195.258    12327.855
     387.589       34.900     8195.258    12327.855
     388.591       33.900     8195.258    12327.855
     389.592       35.900     8195.258    12327.855
     390.594       33.900     8195.258    12327.855
     391.595       34.900     8195.258    12327.855
     392.597     1814.400     8195.258    13312.336
     393.598     2387.000     8196.254    13312.336
     394.599     1321.200     8196.258    13312.336
     395.600      471.300     8196.258    13312.336
     396.602      421.500     8196.258    13312.336
     397.603      423.400     8196.258    13312.336
     398.605      369.500     8196.258    13312.336
     399.606      434.300     8196.258    13312.336
     400.608      409.300     8196.258    13312.336
     401.609      401.300     8196.258    13312.336
     402.611      387.400     8196.258    13312.336
     403.613      366.400     8196.258    13312.336
     404.614      349.400     8196.258    13312.336
     405.616      297.500     8196.258    13312.336
     406.618      148.800     8195.297    12327.855
     407.619       15.000     8195.297    12327.855
     408.621       14.000     8195.297    12327.855
     409.622       16.000     8195.297    12327.855
     410.623       14.000     8195.297    12327.855
     411.625       15.000     8195.297    12327.855
     412.626       15.000     8195.297    12327.855
     413.627       26.000     8195.297    12327.855
     414.629       34.900     8195.297    12327.855
     415.630       33.900     8195.297    12327.855
     416.632       33.900     8195.297    12327.855
     417.633       34.900     8195.297    12327.855
     418.635     2311.600     8195.297    13312.336
     419.636     2244.000     8196.297    13312.336
     420.638     1001.500     8196.297    13312.336
     421.639      385.400     8196.297    13312.336
     422.641      383.400     8196.297    13312.336
     423.642      432.700     8196.297    13312.336
     424.643      339.500     8196.297    13312.336
     425.645      411.400     8196.297    13312.336
     426.646      404.500     8196.297    13312.336
     427.647      374.400     8196.297    13312.336
     428.649      334.500     8196.297    13312.336
     429.650      327.700     8196.297    13312.336
     430.651      342.500     8196.297    13312.336
     431.653      242.600     8196.297    13312.336
     432.654      128.900     8195.336    12327.855
     433.655       15.000     8195.336    12327.855
     434.657       23.000     8195.336    12327.855
     435.658       37.000     8195.336    12327.855
     436.659       36.900     8195.336    12327.855
     437.661       34.900     8195.336    12327.855
     438.662       34.900     8195.336    12327.855
     439.664       35.900     8195.336    12327.855
     440.665      369.500     8195.336    13312.336
     441.668     2404.800     8195.336    13312.336
     442.669     2196.000     8196.336    13312.336
     443.671      743.900     8196.336    13312.336
     444.672      435.300     8196.336    13312.336
     445.674      379.400     8196.336    13312.336
     446.675      347.500     8196.336    13312.336
     447.677      470.300     8196.336    13312.336
     448.678      461.300     8196.336    13312.336
     449.680      357.500     8196.336    13312.336
     450.681      400.400     8196.336    13312.336
     451.683      354.400     8196.336    13312.336
     452.684      368.400     8196.336    13312.336
     453.686      326.500     8196.336    13312.336
     454.688      282.600     8196.164    13144.254
     455.689       21.000     8195.375    12327.855
     456.691       17.000     8195.375    12327.855
     457.692       16.000     8195.375    12327.855
     458.694       15.000     8195.375    12327.855
     459.696       14.000     8195.375    12327.855
     460.697       16.000     8195.375    12327.855
     461.699       15.000     8195.375    12327.855
     462.700       16.000     8195.375    12327.855
     463.702       34.900     8195.375    12327.855
     464.703       34.900     8195.375    12327.855
     465.705       34.900     8195.375    12327.855
     466.706      264.700     8195.375    13312.473
     467.707     2397.800     8195.609    13312.473
     468.708     2146.100     8196.375    13312.473
     469.710      759.900     8196.379    13312.473
     470.711      436.400     8196.379    13312.473
     471.713      412.300     8196.379    13312.473
     472.714      401.700     8196.379    13312.473
     473.715      385.500     8196.379    13312.473
     474.716      407.400     8196.379    13312.473
     475.718      335.600     8196.379    13312.473
     476.719      463.300     8196.379    13312.473
     477.721      431.300     8196.379    13312.473
     478.722      428.600     8196.379    13312.473
     479.723      345.500     8196.379    13312.473
     480.725      317.500     8196.379    13312.473
     481.726      266.600     8195.418    12327.992
     482.728       37.900     8195.418    12327.992
     483.729       36.900     8195.418    12327.992
     484.731       35.900     8195.418    12327.992
     485.733       36.900     8195.418    12327.992
     486.734       35.900     8195.418    12327.992
     487.736       36.900     8195.418    12327.992
     488.737      431.400     8195.418    13312.473
     489.738     2407.300     8195.566    13312.473
     490.739     2187.100     8196.414    13312.473
     491.740      716.000     8196.414    13312.473
     492.742      434.400     8196.414    13312.473
     493.743      468.300     8196.414    13312.473
     494.745      401.300     8196.414    13312.473
     495.746      432.600     8196.414    13312.473
     496.747      368.400     8196.414    13312.473
     497.749      359.400     8196.414    13312.473
     498.751      342.500     8196.414    13312.473
     499.752      331.500     8196.414    13312.473
     500.754      325.500     8196.414    13312.473
     501.755      271.600     8196.414    13312.473
     502.757      253.600     8196.414    13312.473
     503.758       35.900     8195.453    12327.992
     504.760       15.000     8195.453    12327.992
     505.762       15.000     8195.453    12327.992
     506.763       15.000     8195.453    12327.992
     507.765       14.000     8195.453    12327.992
     508.767       16.000     8195.453    12327.992
     509.768       14.000     8195.453    12327.992
     510.770       15.000     8195.453    12327.992
     511.771       18.000     8195.453    12327.992
     512.773       33.900     8195.453    12327.992
     513.775       35.900     8195.453    12327.992
     514.776      386.400     8195.453    13312.473
     515.777     2395.800     8195.531    13312.473
     516.779     2177.100     8196.453    13312.473
     517.780      680.000     8196.453    13312.473
     518.782      459.300     8196.453    13312.473
     519.783      364.400     8196.453    13312.473
     520.785      342.500     8196.453    13312.473
     521.786      405.400     8196.453    13312.473
     522.788      378.400     8196.453    13312.473
     523.789      391.400     8196.453    13312.473
     524.791      412.400     8196.453    13312.473
     525.792      355.500     8196.453    13312.473
     526.794      386.400     8196.453    13312.473
     527.795      319.500     8196.453    13312.473
     528.797      296.600     8196.453    13312.473
     529.798      128.800     8195.492    12327.992
     530.800       37.900     8195.492    12327.992
     531.801       36.900     8195.492    12327.992
     532.803       37.900     8195.492    12327.992
     533.805       36.900     8195.492    12327.992
     534.806       35.900     8195.492    12327.992
     535.807       36.900     8195.492    12327.992
     536.809     1541.800     8195.512    13312.473
     537.810     2407.100     8196.270    13312.473
     538.811     1718.500     8196.488    13312.473
     539.813      525.300     8196.488    13312.473
     540.814      451.300     8196.488    13312.473
     541.816      417.300     8196.488    13312.473
     542.817      383.400     8196.488    13312.473
     543.819      410.300     8196.488    13312.473
     544.820      405.400     8196.488    13312.473
     545.822      383.500     8196.488    13312.473
     546.823      383.400     8196.488    13312.473
     547.825      356.500     8196.488    13312.473
     548.826      333.600     8196.488    13312.473
     549.827      300.500     8196.488    13312.473
     550.829      207.700     8196.488    13312.473
     551.831       22.000     8195.527    12327.992
     552.832       14.000     8195.527    12327.992
     553.834       19.000     8195.527    12327.992
     554.836       33.900     8195.527    12327.992
     555.837       32.900     8195.527    12327.992
     556.839       32.900     8195.527    12327.992
     557.841       33.900     8195.527    12327.992
     558.842       33.900     8195.527    12327.992
     559.844      911.600     8195.527    13312.605
     560.847     2402.900     8195.672    13312.605
     561.848     1798.500     8196.523    13312.605
     562.850      483.300     8196.523    13312.605
     563.851      419.400     8196.523    13312.605
     564.852      441.300     8196.523    13312.605
     565.854      411.500     8196.523    13312.605
     566.855      423.400     8196.523    13312.605
     567.857      429.400     8196.523    13312.605
     568.858      380.500     8196.523    13312.605
     569.859      382.400     8196.523    13312.605
     570.861      347.500     8196.523    13312.605
     571.862      343.500     8196.523    13312.605
     572.864      333.500     8196.523    13312.605
     573.865      257.600     8196.523    13312.605
     574.867       39.900     8195.562    12328.125
     575.868       35.900     8195.562    12328.125
     576.870       36.900     8195.562    12328.125
     577.872       35.900     8195.562    12328.125
     578.873       36.900     8195.562    12328.125
     579.875       36.900     8195.562    12328.125
     580.876       37.900     8195.562    12328.125
     581.878     1756.400     8195.734    13312.605
     582.879     2380.800     8196.559    13312.605
     583.880     1364.000     8196.562    13312.605
     584.882      462.300     8196.562    13312.605
     585.883      449.300     8196.562    13312.605
     586.885      388.400     8196.562    13312.605
     587.886      397.400     8196.562    13312.605
     588.888      402.400     8196.562    13312.605
     589.889      417.300     8196.562    13312.605
     590.891      394.300     8196.562    13312.605
     591.893      332.500     8196.562    13312.605
     592.894      384.600     8196.562    13312.605
     593.895      309.500     8196.562    13312.605
     594.897      363.400     8196.562    13312.605
     595.899      147.800     8195.602    12328.125
     596.900       17.000     8195.602    12328.125
     597.902       14.000     8195.602    12328.125
     598.903       16.000     8195.602    12328.125
     599.905       14.000     8195.602    12328.125
     600.907       14.000     8195.602    12328.125
     601.908       16.000     8195.602    12328.125
     602.910       28.000     8195.602    12328.125
     603.911       35.900     8195.602    12328.125
     604.913       35.900     8195.602    12328.125
     605.915       35.900     8195.602    12328.125
     606.916      386.400     8195.602    13312.605
     607.917     2398.700     8195.664    13312.605
     608.918     2131.200     8196.602    13312.605
     609.919      648.000     8196.605    13312.605
     610.921      521.100     8196.605    13312.605
     611.922      431.300     8196.605    13312.605
     612.924      404.400     8196.605    13312.605
     613.925      369.400     8196.605    13312.605
     614.927      384.400     8196.605    13312.605
     615.929      440.300     8196.605    13312.605
     616.930      390.400     8196.605    13312.605
     617.932      396.400     8196.605    13312.605
     618.933      371.400     8196.605    13312.605
     619.934      333.800     8196.605    13312.605
     620.935      337.500     8196.605    13312.605
     621.937      163.800     8195.645    12328.125
     622.938       16.000     8195.645    12328.125
     623.940       28.000     8195.645    12328.125
     624.942       36.900     8195.645    12328.125
     625.943       37.900     8195.645    12328.125
     626.945       35.900     8195.645    12328.125
     627.946       36.900     8195.645    12328.125
     628.948       36.900     8195.645    12328.125
     629.949      649.100     8195.664    13312.605
     630.950     2403.600     8196.457    13312.605
     631.951     1962.300     8196.641    13312.605
     632.952      780.900     8196.641    13312.605
     633.954      451.300     8196.641    13312.605
     634.955      388.400     8196.641    13312.605
     635.957      376.400     8196.641    13312.605
     636.959      390.400     8196.641    13312.605
     637.960      423.300     8196.641    13312.605
     638.962      339.400     8196.641    13312.605
     639.963      342.500     8196.641    13312.605
     640.965      330.400     8196.641    13312.605
     641.966      354.700     8196.641    13312.605
     642.967      347.400     8196.641    13312.605
     643.969      311.500     8196.641    13312.605
     644.971       65.900     8195.680    12328.125
     645.972       18.000     8195.680    12328.125
     646.974       15.000     8195.680    12328.125
     647.975       16.000     8195.680    12328.125
     648.977       16.000     8195.680    12328.125
     649.978       16.000     8195.680    12328.125
     650.979       17.000     8195.680    12328.125
     651.981       22.000     8195.680    12328.125
     652.983       37.900     8195.680    12328.125
     653.984       36.900     8195.680    12328.125
     654.986       36.900     8195.680    12328.125
     655.987       72.900     8195.680    12848.512
     656.988     2398.900     8195.680    13312.738
     657.990     2239.000     8196.676    13312.738
     658.991      812.800     8196.676    13312.738
     659.993      411.300     8196.676    13312.738
     660.994      468.500     8196.676    13312.738
     661.995      384.400     8196.676    13312.738
     662.997      397.300     8196.676    13312.738
     663.998      464.700     8196.676    13312.738
     664.999      427.300     8196.676    13312.738
     666.001      373.400     8196.676    13312.738
     667.002      381.400     8196.676    13312.738
     668.004      324.500     8196.676    13312.738
     669.005      291.600     8196.676    13312.738
     670.007      234.600     8195.715    12328.258
     671.008       14.000     8195.715    12328.258
     672.010       16.000     8195.715    12328.258
     673.011       14.000     8195.715    12328.258
     674.013      841.600     8196.105    12800.488
     675.014      377.700     8196.211    12800.488
     676.015      352.500     8196.211    12800.488
     677.017      128.800      617.250     5160.262
     678.019       99.800     2317.266     6696.273
     679.020       98.900     4075.031     8232.285
     680.021      100.900     5878.688    10280.301
     681.023       99.800     7674.352    11816.312
     682.025       99.800     8195.637    12328.316
     683.026      100.800     8195.637    12328.316
     684.028       98.900     8195.637    12328.316
     685.029      100.800     8195.637    12328.316
     686.031       99.900     8195.883    12328.316
     687.032       99.900     8195.883    12328.316
     688.034       99.800     8195.883    12328.316
     689.035       99.900     8195.883    12328.316
     690.037       99.800     8195.883    12328.316
     691.038      100.900     8195.883    12328.316
     692.039       98.800     8195.883    12328.316
     693.041       99.800     8195.883    12328.316
     694.042       99.900     8195.883    12328.316
     695.043      100.800     8195.883    12328.316
     696.045       99.800     8195.883    12328.316
     697.046       98.900     8195.883    12328.316
     698.048       99.800     8195.883    12328.316
     699.049      100.800     8195.883    12328.316
     700.051       99.800     8195.883    12328.316
     701.052       99.800     8195.883    12328.316
     702.054      100.800     8195.883    12328.316
     703.056       99.800     8195.883    12328.316
     704.057       99.900     8195.883    12328.316
     705.059       99.800     8195.883    12328.316
     706.060       99.800     8195.883    12328.316
     707.062       99.800     8195.883    12328.316
     708.063      100.800     8195.883    12328.316
     709.065       99.800     8195.883    12328.316
     710.066       99.800     8195.883    12328.316
     711.068       99.900     8195.883    12328.316
     712.069       99.800     8195.883    12328.316
     713.071       99.800     8195.883    12328.316
     714.072       99.800     8195.883    12328.316
     715.074      100.900     8195.883    12328.316
     716.075       96.900     8195.883    12328.316
     717.077       99.800     8195.883    12328.316
     718.078       99.800     8195.883    12328.316
     719.080       99.800     8195.883    12328.316
     720.082       98.800     8195.883    12328.316
     721.083       97.800     8195.883    12328.316
     722.085       98.800     8195.883    12328.316
     723.086       99.800     8195.883    12328.316
     724.088       97.800     8195.883    12328.316
     725.090       99.800     8195.883    12328.316
     726.091       96.800     8195.883    12328.316
     727.093       98.800     8195.883    12328.316
     728.094       98.800     8195.883    12328.316
     729.096       97.800     8195.883    12328.316
     730.098      100.800     8195.883    12328.316
     731.099       99.800     8195.883    12328.316
     732.101       99.800     8195.883    12328.316
     733.102       99.800     8195.883    12328.316
     734.104       99.800     8195.883    12328.316
     735.105       98.800     8195.883    12328.316
     736.107       98.800     8195.883    12328.316
     737.108       97.800     8195.883    12328.316
     738.110       99.800     8195.883    12328.316
     739.112       98.800     8195.883    12328.316
     740.113       98.800     8195.883    12328.316
     741.115       99.800     8195.883    12328.316
     742.116       98.900     8195.883    12328.316
     743.118      100.800     8195.883    12328.316
     744.119       98.900     8195.883    12328.316
     745.121       99.900     8195.883    12328.316
     746.122      100.900     8195.883    12328.316
     747.123       97.700     8195.883    12328.316
     748.126      100.900     8195.883    12328.316
     749.127       97.800     8195.883    12328.316
     750.129       98.800     8195.883    12328.316
     751.130      100.800     8195.883    12328.316
     752.132       98.800     8195.883    12328.316
     753.133      100.800     8195.883    12328.316
     754.135       99.800     8195.883    12328.316
     755.137       99.800     8195.883    12328.316
     756.138       99.800     8195.883    12328.316
     757.140       99.800     8195.883    12328.316
     758.141       99.800     8195.883    12328.316
     759.143       98.800     8195.883    12328.316
     760.144      100.800     8195.883    12328.316
     761.146       99.800     8195.883    12328.316
     762.148       98.800     8195.883    12328.316
     763.149       99.800     8195.883    12328.316
     764.151      100.800     8195.883    12328.316
     765.152       98.800     8195.883    12328.316
     766.154       97.800     8195.883    12328.316
     767.155       98.800     8195.883    12328.316
     768.157       99.800     8195.883    12328.316
     769.158       99.800     8195.883    12328.316
     770.160      100.800     8195.883    12328.316
     771.161       98.900     8195.883    12328.316
     772.163      100.800     8195.883    12328.316
     773.165       98.800     8195.883    12328.316
     774.166       97.800     8195.883    12328.316
     775.168       98.800     8195.883    12328.316
     776.169       99.800     8195.883    12328.316
     777.171       98.800     8195.883    12328.316
     778.172      100.800     8195.883    12328.316
     779.174       99.800     8195.883    12328.316
     780.175       99.800     8195.883    12328.316
     781.177       98.800     8195.883    12328.316
     782.178       99.800     8195.883    12328.316
     783.180       97.800     8195.883    12328.316
     784.182       98.800     8195.883    12328.316
     785.183       99.800     8195.883    12328.316
     786.185      100.800     8195.883    12328.316
     787.186       99.800     8195.883    12328.316
     788.188       99.800     8195.883    12328.316
     789.189       99.800     8195.883    12328.316
     790.191       98.800     8195.883    12328.316
     791.192       97.800     8195.883    12328.316
     792.194       97.800     8195.883    12328.316
     793.196       99.800     8195.883    12328.316
     794.197       99.800     8195.883    12328.316
     795.199       99.800     8195.883    12328.316
     796.200       99.900     8195.883    12328.316
     797.202      100.800     8195.883    12328.316
     798.203       98.800     8195.883    12328.316
     799.205       98.800     8195.883    12328.316
     800.206       97.800     8195.883    12328.316
     801.208      100.800     8195.883    12328.316
     802.210       99.800     8195.883    12328.316
     803.211       99.800     8195.883    12328.316
     804.213      100.800     8195.883    12328.316
     805.214       98.800     8195.883    12328.316
     806.216       98.800     8195.883    12328.316
     807.217       99.800     8195.883    12328.316
     808.219       98.800     8195.883    12328.316
     809.221       99.800     8195.883    12328.316
     810.222       99.800     8195.883    12328.316
     811.224       99.800     8195.883    12328.316
     812.226      100.800     8195.883    12328.316
     813.227       98.800     8195.883    12328.316
     814.229       98.900     8195.883    12328.316
     815.230       98.800     8195.883    12328.316
     816.232       97.800     8195.883    12328.316
     817.234       99.800     8195.883    12328.316
     818.235      100.800     8195.883    12328.316
     819.237       98.800     8195.883    12328.316
     820.239      100.800     8195.883    12328.316
     821.240       98.800     8195.883    12328.316
     822.242       99.800     8195.883    12328.316
     823.244       98.800     8195.883    12328.316
     824.245       97.800     8195.883    12328.316
     825.247       98.800     8195.883    12328.316
     826.249       99.800     8195.883    12328.316
     827.250       99.800     8195.883    12328.316
     828.252       99.800     8195.883    12328.316
     829.253      100.800     8195.883    12328.316
     830.255       99.800     8195.883    12328.316
     831.257       99.800     8195.883    12328.316
     832.258       99.800     8195.883    12328.316
     833.260      100.800     8195.883    12328.316
     834.262       99.800     8195.883    12328.316
     835.263       99.800     8195.883    12328.316
     836.265       98.800     8195.883    12328.316
     837.267      100.800     8195.883    12328.316
     838.268       99.800     8195.883    12328.316
     839.270       99.800     8195.883    12328.316
     840.271      100.800     8195.883    12328.316
     841.273       99.800     8195.883    12328.316
     842.275       99.800     8195.883    12328.316
     843.276       99.800     8195.883    12328.316
     844.278       99.800     8195.883    12328.316
     845.280       99.800     8195.883    12328.316
     846.281       99.800     8195.883    12328.316
     847.283      100.800     8195.883    12328.316
     848.285       98.800     8195.883    12328.316
     849.286      100.800     8195.883    12328.316
     850.288       99.800     8195.883    12328.316
     851.290       99.800     8195.883    12328.316
     852.291       99.800     8195.883    12328.316
     853.293       99.800     8195.883    12328.316
     854.294      100.800     8195.883    12328.316
     855.296       99.800     8195.883    12328.316
     856.298       99.800     8195.883    12328.316
     857.299       99.800     8195.883    12328.316
     858.301       99.800     8195.883    12328.316
     859.302       99.800     8195.883    12328.316
     860.304      100.800     8195.883    12328.316
     861.305       98.900     8195.883    12328.316
     862.307       99.900     8195.883    12328.316
     863.308      100.900     8195.883    12328.316
     864.310       99.800     8195.883    12328.316
     865.311       98.800     8195.883    12328.316
     866.313       97.800     8195.883    12328.316
     867.314      100.800     8195.883    12328.316
     868.316       98.800     8195.883    12328.316
     869.318       97.800     8195.883    12328.316
     870.319      100.800     8195.883    12328.316
     871.321       98.800     8195.883    12328.316
     872.323      100.800     8195.883    12328.316
     873.324       97.800     8195.883    12328.316
     874.326       99.800     8195.883    12328.316
     875.327       96.800     8195.883    12328.316
     876.329       99.800     8195.883    12328.316
     877.331       99.800     8195.883    12328.316
     878.332       98.800     8195.883    12328.316
     879.334      100.800     8195.883    12328.316
     880.335       99.800     8195.883    12328.316
     881.337       99.900     8195.883    12328.316
     882.338       98.800     8195.883    12328.316
     883.340       98.900     8195.883    12328.316
     884.341       97.800     8195.883    12328.316
     885.343       98.800     8195.883    12328.316
     886.345       97.800     8195.883    12328.316
     887.346       99.800     8195.883    12328.316
     888.348       98.800     8195.883    12328.316
     889.349       99.800     8195.883    12328.316
     890.351       99.800     8195.883    12328.316
     891.352       99.800     8195.883    12328.316
     892.354      100.800     8195.883    12328.316
     893.355       98.800     8195.883    12328.316
     894.357       97.800     8195.883    12328.316
     895.359       98.800     8195.883    12328.316
     896.360       97.800     8195.883    12328.316
     897.362       98.800     8195.883    12328.316
     898.364      100.800     8195.883    12328.316
     899.365       99.800     8195.883    12328.316
     900.367       99.800     8195.883    12328.316
     901.368       99.800     8195.883    12328.316
     902.370       99.800     8195.883    12328.316
     903.371       98.800     8195.883    12328.316
     904.373       97.800     8195.883    12328.316
     905.374      100.800     7427.832    11816.312
     906.376       98.800     5123.859     9256.293
     907.378       98.800     3075.844     7208.277
     908.379       98.800      515.824     4648.258
     909.381       98.900     1406.039     5891.688
     910.382      100.800     3167.156     7647.121
     911.384       99.800     4948.383     9402.555
     912.385       99.800     6731.672    11157.988
     913.387      100.800     8162.789    12328.277
     914.388       98.900     8162.789    12328.277
     915.390       99.900     8162.789    12328.277
     916.391      100.800     8162.789    12328.277
     917.393       98.800     8162.789    12328.277
     918.394      100.800     8162.789    12328.277
     919.396       99.900     8162.789    12328.277
     920.397       99.800     8162.789    12328.277
     921.399       99.800     8162.789    12328.277
     922.401       99.800     8162.789    12328.277
     923.402      100.800     8162.789    12328.277
     924.404       99.800     8162.789    12328.277
     925.405       99.900     8162.789    12328.277
     926.407       99.800     8162.789    12328.277
     927.408       99.900     8162.789    12328.277
     928.410      100.800     8162.789    12328.277
     929.411       98.900     8162.789    12328.277
     930.413       99.800     8162.789    12328.277
     931.414      100.800     8162.789    12328.277
     932.416       99.800     8162.789    12328.277
     933.417       99.800     8162.789    12328.277
     934.419      100.800     8162.789    12328.277
     935.420       99.900     8162.789    12328.277
     936.422       99.800     8162.789    12328.277
     937.423       98.900     8162.789    12328.277
     938.425      100.800     8162.789    12328.277
     939.426       99.800     8162.789    12328.277
     940.428       99.900     8162.789    12328.277
     941.429       99.800     8162.789    12328.277
     942.431      100.800     8162.789    12328.277
     943.432       97.800     8162.789    12328.277
     944.434       98.800     8162.789    12328.277
     945.436       98.800     8162.789    12328.277
     946.437       96.800     8162.789    12328.277
     947.439       98.800     8162.789    12328.277
     948.441       97.800     8162.789    12328.277
     949.442       99.800     8162.789    12328.277
     950.444       98.800     8162.789    12328.277
     951.445       98.800     8162.789    12328.277
     952.447       98.800     8162.789    12328.277
     953.449       99.800     8162.789    12328.277
     954.450       98.800     8162.789    12328.277
     955.452       98.800     8162.789    12328.277
     956.453       98.800     8162.789    12328.277
     957.455       99.800     8162.789    12328.277
     958.457       98.800     8162.789    12328.277
     959.458      100.800     8162.789    12328.277
     960.460       98.800     8162.789    12328.277
     961.461      100.800     8162.789    12328.277
     962.463       99.800     8162.789    12328.277
     963.464       99.800     8162.789    12328.277
     964.466       99.800     8162.789    12328.277
     965.468       98.800     8162.789    12328.277
     966.469       98.800     8162.789    12328.277
     967.471       99.800     8162.789    12328.277
     968.472       99.800     8162.789    12328.277
     969.474      100.800     8162.789    12328.277
     970.476       99.800     8162.789    12328.277
     971.477       97.800     8162.789    12328.277
     972.479      100.800     8162.789    12328.277
     973.480       99.800     8162.789    12328.277
     974.482       99.800     8162.789    12328.277
     975.484       99.900     8162.789    12328.277
     976.485       99.800     8162.789    12328.277
     977.487       99.900     8162.789    12328.277
     978.488       99.800     8162.789    12328.277
     979.490       98.800     8162.789    12328.277
     980.491       99.800     8162.789    12328.277
     981.493       97.900     8162.789    12328.277
     982.494       98.900     8162.789    12328.277
     983.495       98.800     8162.789    12328.277
     984.497       99.800     8162.789    12328.277
     985.498       99.800     8162.789    12328.277
     986.500       99.800     8162.789    12328.277
     987.502      100.800     8162.789    12328.277
     988.503       98.900     8162.789    12328.277
     989.505       99.800     8162.789    12328.277
     990.506       98.800     8162.789    12328.277
     991.508       98.800     8162.789    12328.277
     992.509       98.800     8162.789    12328.277
     993.511       97.800     8162.789    12328.277
     994.513       98.800     8162.789    12328.277
     995.514      100.800     8162.789    12328.277
     996.516       98.800     8162.789    12328.277
     997.517      100.800     8162.789    12328.277
     998.519       99.800     8162.789    12328.277
     999.520       99.800     8162.789    12328.277
    1000.522       97.800     8162.789    12328.277
    1001.524       98.800     8162.789    12328.277
    1002.525       99.800     8162.789    12328.277
    1003.527       98.800     8162.789    12328.277
    1004.529       98.800     8162.789    12328.277
    1005.530       99.800     8162.789    12328.277
    1006.532       98.800     8162.789    12328.277
    1007.533      100.800     8162.789    12328.277
    1008.535      100.800     8162.789    12328.277
    1009.536       98.800     8162.789    12328.277
    1010.538       99.800     8162.789    12328.277
    1011.539       98.800     8162.789    12328.277
    1012.541       97.800     8162.789    12328.277
    1013.543       97.800     8162.789    12328.277
    1014.544       99.800     8162.789    12328.277
    1015.546      100.800     8162.789    12328.277
    1016.547       99.800     8162.789    12328.277
    1017.549       98.800     8162.789    12328.277
    1018.551      100.800     8162.789    12328.277
    1019.552       99.800     8162.789    12328.277
    1020.554       99.800     8162.789    12328.277
    1021.555      100.800     8162.789    12328.277
    1022.557       97.800     8162.789    12328.277
    1023.559       98.800     8162.789    12328.277
    1024.560       99.800     8162.789    12328.277
    1025.562      100.800     8162.789    12328.277
    1026.563       99.800     8162.789    12328.277
    1027.565       99.900     8162.789    12328.277
    1028.566       99.800     8162.789    12328.277
    1029.568       99.800     8162.789    12328.277
    1030.569      100.800     8162.789    12328.277
    1031.571       98.800     8162.789    12328.277
    1032.573       99.800     8162.789    12328.277
    1033.574       98.800     8162.789    12328.277
    1034.576       99.800     8162.789    12328.277
    1035.578      100.800     8162.789    12328.277
    1036.579       99.800     8162.789    12328.277
    1037.581       99.800     8162.789    12328.277
    1038.582      100.800     8162.789    12328.277
    1039.584       99.900     8162.789    12328.277
    1040.585       98.900     8162.789    12328.277
    1041.586       98.900     8162.789    12328.277
    1042.587       99.800     8162.789    12328.277
    1043.589       97.800     8162.789    12328.277
    1044.590      100.800     8162.789    12328.277
    1045.592       99.800     8162.789    12328.277
    1046.594      100.800     8162.789    12328.277
    1047.595       99.900     8162.789    12328.277
    1048.597       99.800     8162.789    12328.277
    1049.598       99.800     8162.789    12328.277
    1050.600       98.800     8162.789    12328.277
    1051.601       99.800     8162.789    12328.277
    1052.603      100.800     8162.789    12328.277
    1053.605       99.800     8162.789    12328.277
    1054.606       99.800     8162.789    12328.277
    1055.608       99.900     8162.789    12328.277
    1056.609       99.800     8162.789    12328.277
    1057.611       99.800     8162.789    12328.277
    1058.612       99.800     8162.789    12328.277
    1059.614       99.800     8162.789    12328.277
    1060.615       99.800     8162.789    12328.277
    1061.617      100.800     8162.789    12328.277
    1062.618       99.800     8162.789    12328.277
    1063.620       99.900     8162.789    12328.277
    1064.621       99.900     8162.789    12328.277
    1065.623       99.900     8162.789    12328.277
    1066.624      100.900     8162.789    12328.277
    1067.626       99.800     8162.789    12328.277
    1068.627       99.800     8162.789    12328.277
    1069.629       98.900     8162.789    12328.277
    1070.630      100.900     8162.789    12328.277
    1071.631       99.800     8162.789    12328.277
    1072.633       99.800     8162.789    12328.277
    1073.634       99.900     8162.789    12328.277
    1074.636       99.900     8162.789    12328.277
    1075.637      100.900     8162.789    12328.277
    1076.639       98.900     8162.789    12328.277
    1077.640       99.800     8162.789    12328.277
    1078.642      100.800     8162.789    12328.277
    1079.643       98.800     8162.789    12328.277
    1080.645      100.800     8162.789    12328.277
    1081.646       99.800     8162.789    12328.277
    1082.648       99.800     8162.789    12328.277
    1083.649       99.900     8162.789    12328.277
    1084.651       99.800     8162.789    12328.277
    1085.652       99.900     8162.789    12328.277
    1086.654      100.800     8162.789    12328.277
    1087.655       99.800     8162.789    12328.277
    1088.657       98.800     8162.789    12328.277
    1089.659      100.800     8162.789    12328.277
    1090.660       99.800     8162.789    12328.277
    1091.662      100.800     8162.789    12328.277
    1092.663       99.800     8162.789    12328.277
    1093.665       98.900     8162.789    12328.277
    1094.666      100.900     8162.789    12328.277
    1095.668       99.900     8162.789    12328.277
    1096.669       98.900     8162.988    12328.277
    1097.671      100.800     8162.988    12328.277
    1098.672       99.800     8162.988    12328.277
    1099.674       99.800     8162.988    12328.277
    1100.675       99.800     8162.988    12328.277
    1101.677       99.800     8162.988    12328.277
    1102.679      100.800     8162.988    12328.277
    1103.680       99.800     8162.988    12328.277
    1104.682       99.800     8162.988    12328.277
    1105.683       99.800     8162.988    12328.277
    1106.685       98.800     8162.988    12328.277
    1107.686      100.800     8162.988    12328.277
    1108.688       99.800     8162.988    12328.277
    1109.689       99.800     8162.988    12328.277
    1110.691       99.800     8162.988    12328.277
    1111.692       99.900     8162.988    12328.277
    1112.694      100.800     8162.988    12328.277
    1113.695       99.800     8162.988    12328.277
    1114.697       99.900     8162.988    12328.277
    1115.698       99.800     8162.988    12328.277
    1116.700       99.800     8162.988    12328.277
    1117.701       99.800     8162.988    12328.277
    1118.703       99.800     8162.988    12328.277
    1119.705      100.800     8162.988    12328.277
    1120.706       98.900     8162.988    12328.277
    1121.708      100.900     8162.988    12328.277
    1122.709       99.800     8162.988    12328.277
    1123.711       99.800     8162.988    12328.277
    1124.712       99.800     8162.988    12328.277
    1125.714      100.800     8162.988    12328.277
    1126.715       98.800     8162.988    12328.277
    1127.717       99.800     8162.988    12328.277
    1128.718       99.900     8162.988    12328.277
    1129.719       99.800     8162.988    12328.277
    1130.721       99.900     8162.988    12328.277
    1131.722      100.900     8162.988    12328.277
    1132.724       98.800     8162.988    12328.277
    1133.725      100.800     8162.988    12328.277
    1134.727       99.800     8162.988    12328.277
    1135.728       99.800     8162.988    12328.277
    1136.730      100.800     8162.988    12328.277
    1137.732       98.800     8162.988    12328.277
    1138.733      100.800     8162.988    12328.277
    1139.735       99.800     8162.988    12328.277
    1140.736       99.900     8162.988    12328.277
    1141.738       99.800     8162.988    12328.277
    1142.739      100.800     8162.988    12328.277
    1143.741       98.800     8162.988    12328.277
    1144.742      100.800     8162.988    12328.277
    1145.744       99.800     8162.988    12328.277
    1146.745       98.800     8162.988    12328.277
    1147.747      100.800     8162.988    12328.277
    1148.749       99.800     8162.988    12328.277
    1149.750       99.900     8162.988    12328.277
    1150.752       99.900     8162.988    12328.277
    1151.753      100.900     8162.988    12328.277
    1152.755       99.800     8162.988    12328.277
    1153.756       99.800     8162.988    12328.277
    1154.758      100.800     8162.988    12328.277
    1155.759       98.800     8162.988    12328.277
    1156.761       99.800     8162.988    12328.277
    1157.763       99.800     8162.988    12328.277
    1158.764       99.800     8162.988    12328.277
    1159.766       99.800     8162.988    12328.277
    1160.767       99.900     8162.988    12328.277
    1161.769      100.800     8162.988    12328.277
    1162.770       99.800     8162.988    12328.277
    1163.772       99.800     8162.988    12328.277
    1164.773       99.800     8162.988    12328.277
    1165.775       99.800     8162.988    12328.277
    1166.776       99.800     8162.988    12328.277
    1167.778      100.800     8162.988    12328.277
    1168.780       99.800     8162.988    12328.277
    1169.781       98.900     8162.988    12328.277
    1170.783      100.800     8162.988    12328.277
    1171.784       99.900     8162.988    12328.277
    1172.785      100.800     8162.988    12328.277
    1173.787       98.900     8162.988    12328.277
    1174.789       99.800     8162.988    12328.277
    1175.790       99.800     8162.988    12328.277
    1176.792      100.800     8162.988    12328.277
    1177.793       98.900     8162.988    12328.277
    1178.795      100.900     8162.988    12328.277
    1179.796       99.800     8162.988    12328.277
    1180.797       99.900     8162.988    12328.277
    1181.799      100.900     8162.988    12328.277
    1182.802       99.700     8162.988    12328.277
    1183.803       98.800     8162.988    12328.277
    1184.805      100.800     8162.988    12328.277
    1185.806       99.800     8162.988    12328.277
    1186.808       99.800     8162.988    12328.277
    1187.809       99.900     8162.988    12328.277
    1188.811       99.900     8162.988    12328.277
    1189.812       99.900     8162.988    12328.277
    1190.814      100.800     8162.988    12328.277
    1191.815       99.800     8162.988    12328.277
    1192.817       99.900     8162.988    12328.277
    1193.819       99.800     8162.988    12328.277
    1194.820       99.800     8162.988    12328.277
    1195.822       99.800     8162.988    12328.277
    1196.824       99.800     8162.988    12328.277
    1197.825       99.800     8162.988    12328.277
    1198.827      100.800     8162.988    12328.277
    1199.828       98.900     8162.988    12328.277
    1200.830      100.800     8162.988    12328.277
    1201.832       99.800     8162.988    12328.277
    1202.833       99.800     8162.988    12328.277
    1203.835       99.800     8162.988    12328.277
    1204.836      100.800     8162.988    12328.277
    1205.838       99.800     8162.988    12328.277
    1206.839       99.800     8162.988    12328.277
    1207.841       99.800     8162.988    12328.277
    1208.843       99.800     8162.988    12328.277
    1209.844      100.800     8162.988    12328.277
    1210.846       98.800     8162.988    12328.277
    1211.847      100.800     8162.988    12328.277
    1212.849       98.800     8162.988    12328.277
    1213.850      100.800     8162.988    12328.277
    1214.852       99.800     8162.988    12328.277
    1215.854      100.800     8162.988    12328.277
    1216.855       98.800     8162.988    12328.277
    1217.857       99.900     8162.988    12328.277
    1218.858      100.800     8162.988    12328.277
    1219.860       98.900     8162.988    12328.277
    1220.861      100.800     8162.988    12328.277
    1221.863       99.800     8162.988    12328.277
    1222.865      100.800     8162.988    12328.277
    1223.866       99.800     8162.988    12328.277
    1224.868       99.800     8162.988    12328.277
    1225.869       99.800     8162.988    12328.277
    1226.871       99.800     8162.988    12328.277
    1227.873       99.900     8162.988    12328.277
    1228.874       99.900     8162.988    12328.277
    1229.876       98.800     5855.266     9987.699
    1230.877       98.800     3514.688     7647.121
    1231.879       99.800      588.965     4721.398
    1232.880       98.800      588.965     4721.398
    1233.882       98.800      588.965     4721.398
    1234.884       98.900      588.965     4721.398
Records: 680000000
Checksum: 1443f471aacd2efd
Duplicate keys: 0
SUCCESS - all records are in order
