# Elapsed time   CPU (%)     Real (MB)   Virtual (MB)
       0.000        0.000       28.184     9229.098
       1.001      669.100     1426.215    13273.906
       2.003      539.200     2979.508    13273.906
       3.004      309.500     3378.473    13273.906
       4.006      192.700     3750.938    13273.906
       5.007      110.800     3765.461    13273.906
       6.009      118.800     3785.418    13276.930
       7.011      110.800     3799.801    13276.930
       8.012      109.800     3823.484    13276.930
       9.014      130.800     3845.160    13280.961
      10.015      109.800     3861.695    13280.961
      11.017      184.700     4067.262    13280.961
      12.018      108.800     4185.402    13280.961
      13.020      154.800     4405.281    13280.961
      14.022      130.800     4462.641    13280.961
      15.023      149.800     4482.727    13472.961
      16.025       99.800     4818.395    13472.961
      17.026      102.800     4818.641    13472.961
      18.028       88.900     4818.641    13472.961
      19.029       12.000     4818.641    13472.961
Time taken (ms): 19404.0
