# Elapsed time   CPU (%)     Real (MB)   Virtual (MB)
       0.001        0.000        4.473        9.434
       1.002      220.700      151.602     5700.062
       2.004      196.700      237.098     5716.508
       3.005       79.900      248.996     5721.141
       4.007        1.000      248.996     5721.141
       5.009        3.000      249.066     5721.141
       6.011        1.000      247.098     5723.141
       7.013        7.000      247.340     5723.141
       8.014       43.900      278.000     5723.141
       9.016        8.000      279.066     5723.141
      10.018        2.000      279.066     5723.141
      11.019        2.000      268.031     5723.141
      12.021        1.000      268.031     5723.141
      13.022        1.000      267.969     5723.141
      14.024        0.000      267.969     5723.141
      15.025        4.000      269.242     5723.141
      16.027        2.000      258.027     5723.141
      17.029        1.000      258.043     5723.141
      18.031        2.000      258.043     5723.141
      19.033        0.000      258.043     5723.141
      20.035        2.000      258.043     5723.141
      21.037        1.000      258.043     5723.141
      22.038        1.000      258.262     5723.141
      23.040        1.000      258.262     5723.141
      24.042        1.000      258.262     5723.141
      25.044        1.000      258.461     5723.141
      26.046        1.000      258.461     5723.141
      27.047        2.000      258.523     5723.141
      28.049        0.000      258.523     5723.141
      29.051        3.000      258.605     5723.141
      30.053        1.000      258.605     5723.141
      31.054        3.000      258.621     5723.141
      32.056        1.000      258.855     5723.141
      33.057        1.000      258.855     5723.141
      34.059        2.000      258.855     5723.141
      35.062        1.000      258.895     5723.141
      36.064        1.000      258.895     5723.141
      37.066        0.000      258.895     5723.141
      38.068        1.000      258.895     5723.141
      39.069        0.000      258.895     5723.141
      40.071        2.000      258.895     5723.141
      41.072        1.000      258.895     5723.141
      42.073        0.000      258.895     5723.141
      43.075        1.000      259.137     5723.141
      44.076        0.000      259.137     5723.141
      45.078        1.000      259.137     5723.141
      46.079        1.000      259.137     5723.141
      47.081        0.000      259.137     5723.141
      48.082        2.000      259.262     5723.141
      49.084        1.000      259.262     5723.141
      50.086        1.000      259.262     5723.141
      51.087        0.000      259.262     5723.141
      52.089        2.000      259.434     5723.141
      53.090        0.000      259.434     5723.141
      54.092        2.000      259.434     5723.141
      55.094        1.000      259.434     5723.141
      56.096        1.000      259.434     5723.141
      57.097        1.000      259.434     5723.141
      58.099        0.000      259.434     5723.141
      59.100        1.000      259.434     5723.141
      60.102        1.000      259.434     5723.141
      61.103        1.000      259.488     5723.141
      62.105        1.000      259.488     5723.141
      63.106        0.000      259.508     5723.141
      64.108        1.000      259.508     5723.141
      65.110        1.000      259.508     5723.141
      66.111        1.000      259.508     5723.141
      67.117        1.000      259.508     5723.141
      68.118        2.000      259.508     5723.141
      69.120        2.000      259.508     5723.141
      70.121        1.000      259.508     5723.141
      71.123        2.000      259.508     5723.141
      72.124        0.000      259.508     5723.141
      73.126        1.000      259.508     5723.141
      74.128        2.000      259.508     5723.141
      75.129        1.000      259.508     5723.141
      76.131        3.000      259.508     5723.141
      77.132        1.000      259.508     5723.141
      78.134        1.000      259.508     5723.141
      79.135        0.000      259.508     5723.141
      80.137        1.000      259.508     5723.141
      81.137        0.000      259.508     5723.141
      82.139        1.000      259.508     5723.141
      83.141        0.000      259.508     5723.141
      84.141        0.000      259.508     5723.141
      85.143        4.000      259.508     5723.141
      86.145        0.000      259.508     5723.141
      87.146        1.000      259.508     5723.141
      88.149        1.000      259.508     5723.141
      89.150        1.000      259.508     5723.141
      90.151        2.000      259.758     5723.141
      91.153        2.000      259.758     5723.141
      92.154        1.000      259.758     5723.141
      93.156        1.000      259.758     5723.141
      94.157        1.000      259.758     5723.141
      95.159        1.000      259.758     5723.141
      96.161        1.000      259.758     5723.141
      97.162        0.000      259.758     5723.141
      98.164        0.000      259.758     5723.141
      99.165        1.000      259.758     5723.141
     100.167        1.000      259.758     5723.141
     101.168        1.000      259.859     5723.141
     102.170        1.000      259.859     5723.141
     103.172        1.000      259.859     5723.141
     104.174        0.000      259.859     5723.141
     105.175        1.000      259.859     5723.141
     106.177        0.000      259.859     5723.141
     107.179        0.000      259.859     5723.141
     108.180        2.000      259.859     5723.141
     109.182        0.000      259.859     5723.141
     110.184        1.000      259.859     5723.141
     111.186        0.000      259.859     5723.141
     112.187        1.000      259.859     5723.141
     113.188        1.000      259.859     5723.141
     114.190        1.000      259.859     5723.141
     115.191        0.000      259.859     5723.141
     116.193        2.000      259.859     5723.141
     117.194        1.000      259.859     5723.141
     118.196        1.000      259.859     5723.141
     119.197        1.000      259.859     5723.141
     120.199        0.000      259.859     5723.141
     121.200        0.000      259.859     5723.141
     122.202        1.000      259.859     5723.141
     123.203        0.000      259.859     5723.141
     124.205        0.000      259.859     5723.141
     125.207        1.000      259.859     5723.141
     126.208        1.000      259.859     5723.141
     127.210        1.000      259.859     5723.141
     128.212        1.000      259.859     5723.141
     129.213        0.000      259.859     5723.141
     130.215        2.000      259.859     5723.141
     131.216        1.000      259.859     5723.141
     132.218        2.000      259.859     5723.141
     133.220        0.000      259.859     5723.141
     134.222        1.000      259.859     5723.141
     135.223        2.000      259.859     5723.141
     136.225        1.000      259.859     5723.141
     137.227        1.000      259.859     5723.141
     138.228        0.000      259.859     5723.141
     139.230        0.000      259.859     5723.141
     140.232        1.000      259.859     5723.141
     141.233        1.000      259.859     5723.141
     142.235        0.000      259.859     5723.141
     143.237        1.000      259.859     5723.141
     144.238        1.000      259.859     5723.141
     145.240        1.000      259.859     5723.141
     146.241        0.000      259.859     5723.141
     147.243        0.000      259.859     5723.141
     148.244        0.000      259.859     5723.141
     149.246        1.000      259.859     5723.141
     150.247        0.000      259.859     5723.141
     151.249        1.000      259.859     5723.141
     152.250        0.000      259.859     5723.141
     153.251        1.000      259.859     5723.141
     154.252        1.000      259.859     5723.141
     155.253        1.000      259.859     5723.141
     156.255        0.000      259.859     5723.141
     157.257        1.000      259.859     5723.141
     158.258        0.000      259.859     5723.141
     159.260        1.000      259.953     5723.141
     160.262        0.000      259.953     5723.141
     161.263        1.000      259.953     5723.141
     162.265        1.000      259.953     5723.141
     163.266        1.000      259.953     5723.141
     164.268        0.000      259.953     5723.141
     165.270        1.000      259.953     5723.141
     166.403        0.000      259.953     5723.141
     167.404        1.000      259.953     5723.141
     168.405        2.000      259.953     5723.141
     169.407        0.000      259.953     5723.141
     170.409        1.000      259.953     5723.141
     171.411        0.000      259.953     5723.141
     172.412        0.000      259.953     5723.141
     173.413        1.000      259.953     5723.141
     174.415        0.000      259.953     5723.141
     175.416        1.000      259.953     5723.141
     176.418        0.000      259.953     5723.141
     177.420        1.000      259.953     5723.141
     178.422        1.000      259.953     5723.141
     179.423        1.000      259.953     5723.141
     180.424        0.000      259.953     5723.141
     181.426        1.000      259.953     5723.141
     182.428        0.000      259.953     5723.141
     183.430        1.000      259.953     5723.141
     184.431        0.000      259.953     5723.141
     185.433        1.000      259.953     5723.141
     186.435        0.000      259.953     5723.141
     187.436        0.000      259.953     5723.141
     188.439        0.000      259.953     5723.141
     189.440        1.000      259.953     5723.141
     190.442        1.000      259.953     5723.141
     191.444        2.000      259.953     5723.141
     192.445        0.000      259.953     5723.141
     193.447        1.000      259.953     5723.141
     194.448        1.000      259.961     5723.141
     195.450        2.000      259.961     5723.141
     196.451        0.000      259.961     5723.141
     197.453        1.000      259.961     5723.141
     198.454        1.000      259.961     5723.141
     199.456        2.000      260.191     5723.141
     200.459        1.000      260.219     5723.141
     201.460        1.000      260.219     5723.141
     202.462        1.000      260.277     5723.141
     203.464        1.000      260.277     5723.141
     204.466        1.000      260.309     5723.141
     205.468        0.000      260.309     5723.141
     206.470        1.000      260.309     5723.141
     207.472        0.000      260.309     5723.141
     208.474        1.000      260.309     5723.141
     209.476        0.000      260.309     5723.141
     210.477        0.000      260.527     5723.141
     211.479        1.000      260.527     5723.141
     212.480        0.000      260.527     5723.141
     213.482        4.000      260.547     5723.141
     214.483        0.000      260.547     5723.141
     215.485        0.000      260.547     5723.141
     216.487        1.000      260.547     5723.141
     217.488        0.000      260.547     5723.141
     218.490        0.000      260.547     5723.141
     219.492        1.000      260.547     5723.141
     220.493        1.000      260.547     5723.141
     221.495        0.000      260.547     5723.141
     222.497        1.000      260.789     5723.141
     223.498        0.000      260.789     5723.141
     224.500        0.000      260.789     5723.141
     225.502        1.000      260.789     5723.141
     226.503        0.000      260.789     5723.141
     227.505        2.000      260.789     5723.141
     228.507        0.000      260.789     5723.141
     229.509        1.000      260.789     5723.141
     230.511        0.000      260.789     5723.141
     231.512        1.000      260.789     5723.141
     232.514        0.000      260.789     5723.141
     233.516        1.000      260.789     5723.141
     234.518        1.000      261.043     5723.141
     235.520        0.000      261.043     5723.141
     236.522        1.000      261.043     5723.141
     237.524        0.000      261.043     5723.141
     238.525        0.000      261.043     5723.141
     239.527        0.000      261.043     5723.141
     240.529        1.000      261.043     5723.141
     241.531        1.000      261.043     5723.141
     242.533        0.000      261.043     5723.141
     243.535        0.000      261.043     5723.141
     244.537        1.000      261.043     5723.141
     245.538        0.000      261.043     5723.141
     246.540        1.000      261.430     5723.141
     247.542        1.000      261.430     5723.141
     248.543        1.000      261.430     5723.141
     249.545        0.000      261.430     5723.141
     250.547        0.000      261.430     5723.141
     251.549        1.000      261.430     5723.141
     252.551        0.000      261.430     5723.141
     253.552        1.000      261.430     5723.141
     254.554        1.000      261.430     5723.141
     255.555        0.000      261.430     5723.141
     256.557        0.000      261.430     5723.141
     257.559        1.000      261.430     5723.141
     258.560        0.000      261.676     5723.141
     259.562        1.000      261.676     5723.141
     260.563        0.000      261.676     5723.141
     261.565        0.000      261.676     5723.141
     262.567        1.000      261.676     5723.141
     263.569        0.000      261.676     5723.141
     264.570        1.000      261.754     5723.141
     265.571        2.000      261.754     5723.141
     266.573        0.000      261.754     5723.141
     267.575        0.000      261.754     5723.141
     268.576        1.000      261.754     5723.141
     269.578        1.000      262.008     5723.141
     270.579        0.000      262.008     5723.141
     271.581        0.000      262.008     5723.141
     272.582        1.000      262.008     5723.141
     273.584        1.000      262.008     5723.141
     274.586        1.000      262.008     5723.141
     275.588        0.000      262.008     5723.141
     276.589        0.000      262.008     5723.141
     277.591        0.000      262.008     5723.141
     278.593        1.000      262.008     5723.141
     279.595        0.000      262.008     5723.141
     280.596        1.000      262.008     5723.141
     281.598        0.000      262.312     5723.141
     282.600        1.000      262.312     5723.141
     283.602        0.000      262.312     5723.141
     284.604        0.000      262.312     5723.141
     285.606        1.000      262.312     5723.141
     286.607        0.000      262.312     5723.141
     287.609        0.000      262.312     5723.141
     288.610        1.000      262.312     5723.141
     289.611        0.000      262.312     5723.141
     290.612        2.000      262.312     5723.141
     291.614        1.000      262.312     5723.141
     292.615        0.000      262.312     5723.141
     293.616        0.000      262.566     5723.141
     294.617        0.000      262.566     5723.141
     295.618        0.000      262.566     5723.141
     296.619        1.000      262.566     5723.141
     297.621        1.000      262.566     5723.141
     298.623        0.000      262.566     5723.141
     299.625        1.000      262.566     5723.141
     300.626        0.000      262.566     5723.141
     301.629        1.000      262.566     5723.141
     302.632        0.000      262.566     5723.141
     303.635        1.000      262.566     5723.141
     304.638        1.000      262.812     5723.141
     305.643        1.000      262.812     5723.141
     306.644        1.000      262.812     5723.141
     307.647        1.000      262.812     5723.141
     308.650        0.000      262.812     5723.141
     309.651        0.000      262.812     5723.141
     310.653        1.000      262.812     5723.141
     311.654        0.000      262.812     5723.141
     312.656        1.000      262.812     5723.141
     313.657        0.000      262.812     5723.141
     314.659        0.000      262.812     5723.141
     315.660        0.000      262.812     5723.141
     316.662        1.000      263.062     5723.141
     317.664        0.000      263.062     5723.141
     318.665        3.000      263.098     5723.141
     319.667        0.000      263.098     5723.141
     320.668        1.000      263.098     5723.141
     321.670        0.000      263.098     5723.141
     322.672        0.000      263.098     5723.141
     323.674        1.000      263.098     5723.141
     324.675        1.000      263.098     5723.141
     325.678        0.000      263.098     5723.141
     326.680        1.000      263.098     5723.141
     327.681        0.000      263.098     5723.141
     328.683        1.000      263.355     5723.141
     329.685        1.000      263.355     5723.141
     330.686        2.000      263.355     5723.141
     331.689        0.000      263.355     5723.141
     332.690        0.000      263.355     5723.141
     333.692        1.000      263.355     5723.141
     334.694        0.000      263.355     5723.141
     335.696        1.000      263.355     5723.141
     336.697        0.000      263.355     5723.141
     337.699        0.000      263.355     5723.141
     338.701        0.000      263.355     5723.141
     339.702        0.000      263.355     5723.141
     340.704        2.000      263.605     5723.141
     341.705        0.000      263.605     5723.141
     342.707        0.000      263.605     5723.141
     343.709        0.000      263.605     5723.141
     344.710        1.000      263.605     5723.141
     345.712        0.000      263.605     5723.141
     346.713        0.000      263.605     5723.141
     347.715        1.000      263.605     5723.141
     348.716        0.000      263.605     5723.141
     349.718        1.000      263.605     5723.141
     350.719        1.000      263.844     5723.141
     351.720        0.000      263.844     5723.141
     352.721        1.000      263.844     5723.141
     353.723        0.000      263.844     5723.141
     354.725        0.000      263.844     5723.141
     355.727        1.000      263.844     5723.141
     356.728        2.000      263.887     5723.141
     357.730        0.000      263.887     5723.141
     358.732        0.000      263.887     5723.141
     359.733        1.000      263.887     5723.141
     360.735        0.000      263.887     5723.141
     361.737        1.000      263.887     5723.141
     362.741        1.000      264.137     5723.141
     363.743        1.000      264.137     5723.141
     364.749        2.000      264.137     5723.141
     365.750        0.000      264.137     5723.141
     366.752        1.000      264.137     5723.141
     367.757        0.000      264.137     5723.141
     368.759        1.000      264.137     5723.141
     369.761        1.000      264.137     5723.141
     370.763        0.000      264.137     5723.141
     371.765        1.000      264.137     5723.141
     372.768        1.000      264.137     5723.141
     373.770        0.000      264.137     5723.141
     374.772        0.000      264.391     5723.141
     375.774        2.000      264.391     5723.141
     376.776        0.000      264.391     5723.141
     377.777        1.000      264.391     5723.141
     378.779        0.000      264.391     5723.141
     379.780        0.000      264.391     5723.141
     380.782        1.000      264.391     5723.141
     381.783        1.000      264.391     5723.141
     382.784        0.000      264.391     5723.141
     383.786        2.000      264.391     5723.141
     384.788        1.000      264.391     5723.141
     385.790        0.000      264.633     5723.141
     386.792        0.000      264.633     5723.141
     387.794        0.000      264.633     5723.141
     388.795        0.000      264.633     5723.141
     389.798        1.000      264.633     5723.141
     390.799        1.000      264.633     5723.141
     391.800        0.000      264.633     5723.141
     392.802        1.000      264.633     5723.141
     393.804        1.000      264.633     5723.141
     394.806        1.000      264.633     5723.141
     395.807        0.000      264.633     5723.141
     396.809        0.000      264.633     5723.141
     397.811        1.000      264.883     5723.141
     398.813        0.000      264.883     5723.141
     399.814        1.000      264.883     5723.141
     400.816        0.000      264.883     5723.141
     401.818        0.000      264.883     5723.141
     402.820        1.000      264.883     5723.141
     403.822        0.000      264.883     5723.141
     404.824        0.000      264.883     5723.141
     405.826        2.000      264.883     5723.141
     406.827        0.000      264.883     5723.141
     407.829        1.000      264.883     5723.141
     408.830        0.000      264.883     5723.141
     409.832        0.000      264.883     5723.141
     410.833        0.000      265.141     5723.141
     411.835        2.000      265.141     5723.141
     412.836        0.000      265.141     5723.141
     413.838        0.000      265.141     5723.141
     414.839        1.000      265.141     5723.141
     415.841        0.000      265.141     5723.141
     416.843        0.000      265.141     5723.141
     417.844        0.000      265.141     5723.141
     418.846        1.000      265.141     5723.141
     419.848        0.000      265.141     5723.141
     420.849        1.000      265.141     5723.141
     421.851        0.000      265.383     5723.141
     422.853        0.000      265.383     5723.141
     423.854        1.000      265.383     5723.141
     424.855        0.000      265.383     5723.141
     425.857        1.000      265.383     5723.141
     426.859        0.000      265.383     5723.141
     427.860        1.000      265.383     5723.141
     428.862        0.000      265.383     5723.141
     429.866        1.000      265.383     5723.141
     430.870        2.000      265.383     5723.141
     431.872        0.000      265.383     5723.141
     432.875        1.000      265.383     5723.141
     433.877        0.000      265.383     5723.141
     434.879        1.000      265.383     5723.141
     435.881        0.000      265.637     5723.141
     436.886        2.000      265.637     5723.141
     437.890        1.000      265.637     5723.141
     438.894        1.000      265.637     5723.141
     439.897        2.000      265.637     5723.141
     440.900        0.000      265.637     5723.141
     441.901        1.000      265.637     5723.141
     442.903        0.000      265.637     5723.141
     443.904        1.000      265.637     5723.141
     444.906        0.000      265.637     5723.141
     445.908        0.000      265.637     5723.141
     446.910        4.000      265.668     5723.141
     447.911        0.000      265.922     5723.141
     448.913        1.000      265.922     5723.141
     449.914        0.000      265.922     5723.141
     450.916        0.000      265.922     5723.141
     451.918        2.000      265.922     5723.141
     452.920        1.000      265.922     5723.141
     453.921        0.000      265.922     5723.141
     454.922        0.000      265.922     5723.141
     455.924        1.000      265.922     5723.141
     456.926        0.000      265.922     5723.141
     457.928        0.000      265.922     5723.141
     458.929        1.000      265.922     5723.141
     459.931        0.000      266.172     5723.141
     460.933        1.000      266.172     5723.141
     461.935        0.000      266.172     5723.141
     462.936        1.000      266.172     5723.141
     463.938        0.000      266.172     5723.141
     464.940        1.000      266.172     5723.141
     465.942        1.000      266.172     5723.141
     466.943        1.000      266.172     5723.141
     467.945        0.000      266.172     5723.141
     468.947        0.000      266.172     5723.141
     469.949        1.000      266.172     5723.141
     470.951        0.000      266.172     5723.141
     471.953        2.000      266.422     5723.141
     472.955        0.000      266.422     5723.141
     473.956        1.000      266.422     5723.141
     474.958        0.000      266.422     5723.141
     475.960        0.000      266.422     5723.141
     476.962        0.000      266.422     5723.141
     477.964        1.000      266.422     5723.141
     478.965        0.000      266.422     5723.141
     479.967        1.000      266.422     5723.141
     480.969        0.000      266.422     5723.141
     481.971        0.000      266.422     5723.141
     482.973        0.000      266.422     5723.141
     483.974        1.000      266.672     5723.141
     484.976        0.000      266.672     5723.141
     485.978        0.000      266.672     5723.141
     486.980        0.000      266.672     5723.141
     487.981        1.000      266.672     5723.141
     488.983        0.000      266.672     5723.141
     489.984        0.000      266.672     5723.141
     490.985        0.000      266.672     5723.141
     491.987        0.000      266.672     5723.141
     492.989        1.000      266.672     5723.141
     493.991        1.000      266.672     5723.141
     494.992        0.000      266.672     5723.141
     495.994        0.000      266.930     5723.141
     496.998        1.000      266.930     5723.141
     498.002        1.000      266.930     5723.141
     499.006        1.000      266.930     5723.141
     500.010        1.000      266.930     5723.141
     501.012        0.000      266.930     5723.141
     502.014        1.000      266.930     5723.141
     503.015        0.000      266.930     5723.141
     504.069        0.000      266.930     5723.141
     505.072        2.000      266.930     5723.141
     506.077        3.000      266.930     5723.141
     507.080        2.000      266.930     5723.141
     508.084        1.000      267.180     5723.141
     509.089        0.000      267.180     5723.141
     510.094        1.000      267.180     5723.141
     511.096        0.000      267.180     5723.141
     512.098        0.000      267.180     5723.141
     513.100        1.000      267.180     5723.141
     514.101        0.000      267.180     5723.141
     515.103        1.000      267.180     5723.141
     516.105        0.000      267.180     5723.141
     517.106        2.000      267.180     5723.141
     518.108        0.000      267.180     5723.141
     519.110        2.000      267.430     5723.141
     520.112        0.000      267.430     5723.141
     521.113        1.000      267.430     5723.141
     522.115        1.000      267.430     5723.141
     523.116        1.000      267.430     5723.141
     524.118        1.000      267.609     5723.141
     525.120        0.000      267.609     5723.141
     526.121        1.000      267.609     5723.141
     527.123        0.000      267.609     5723.141
     528.125        0.000      267.609     5723.141
     529.126        0.000      267.609     5723.141
     530.128        1.000      267.859     5723.141
     531.130        0.000      267.859     5723.141
     532.132        2.000      267.859     5723.141
     533.134        0.000      267.859     5723.141
     534.135        0.000      267.859     5723.141
     535.137        0.000      267.859     5723.141
     536.139        1.000      267.859     5723.141
     537.140        1.000      267.859     5723.141
     538.142        0.000      267.859     5723.141
     539.144        0.000      267.859     5723.141
     540.146        1.000      267.859     5723.141
     541.148        1.000      267.887     5723.141
     542.150        1.000      268.137     5723.141
     543.152        0.000      268.137     5723.141
     544.154        0.000      268.137     5723.141
     545.155        0.000      268.137     5723.141
     546.157        1.000      268.137     5723.141
     547.159        0.000      268.137     5723.141
     548.160        0.000      268.137     5723.141
     549.162        1.000      268.137     5723.141
     550.163        0.000      268.137     5723.141
     551.165        1.000      268.137     5723.141
     552.167        0.000      268.137     5723.141
     553.168       14.000      268.941     5723.141
     554.170        0.000      268.941     5723.141
     555.171        0.000      269.195     5723.141
     556.173        1.000      269.195     5723.141
     557.175        0.000      269.195     5723.141
     558.177        1.000      269.195     5723.141
     559.178        1.000      269.195     5723.141
     560.180        0.000      269.195     5723.141
     561.181        0.000      269.195     5723.141
     562.183        0.000      269.195     5723.141
     563.184        2.000      269.195     5723.141
     564.187        1.000      269.195     5723.141
     565.189        0.000      269.195     5723.141
     566.191        0.000      269.445     5723.141
     567.193        1.000      269.445     5723.141
     568.195        1.000      269.445     5723.141
     569.198        1.000      269.445     5723.141
     570.201        1.000      269.445     5723.141
     571.204        0.000      269.445     5723.141
     572.207        2.000      269.445     5723.141
     573.210        0.000      269.445     5723.141
     574.213        2.000      269.445     5723.141
     575.218        1.000      269.445     5723.141
     576.221        1.000      269.445     5723.141
     577.222        0.000      269.445     5723.141
     578.224        1.000      269.445     5723.141
     579.226        1.000      269.695     5723.141
     580.227        0.000      269.695     5723.141
     581.229        0.000      269.695     5723.141
     582.230        0.000      269.695     5723.141
     583.231        1.000      269.695     5723.141
     584.233        0.000      269.695     5723.141
     585.234        0.000      269.695     5723.141
     586.236        1.000      269.695     5723.141
     587.238        0.000      269.695     5723.141
     588.239        2.000      269.695     5723.141
     589.241        0.000      269.695     5723.141
     590.243        0.000      269.695     5723.141
     591.244        2.000      269.953     5723.141
     592.246        1.000      269.953     5723.141
     593.248        0.000      269.953     5723.141
     594.249        0.000      269.953     5723.141
     595.251        0.000      269.953     5723.141
     596.253        0.000      269.953     5723.141
     597.255        1.000      269.953     5723.141
     598.256        0.000      269.953     5723.141
     599.258        1.000      269.953     5723.141
     600.260        0.000      269.953     5723.141
     601.262        3.000      269.953     5723.141
     602.264        1.000      269.953     5723.141
     603.265        0.000      270.203     5723.141
     604.266        0.000      270.203     5723.141
     605.268        1.000      270.203     5723.141
     606.270        1.000      270.203     5723.141
     607.271        0.000      270.203     5723.141
     608.273        1.000      270.203     5723.141
     609.275        0.000      270.203     5723.141
     610.276        1.000      270.203     5723.141
     611.278        1.000      270.203     5723.141
     612.281        0.000      270.203     5723.141
     613.283        0.000      270.203     5723.141
     614.284        0.000      270.203     5723.141
     615.286        1.000      270.453     5723.141
     616.287        0.000      270.453     5723.141
     617.289        1.000      270.453     5723.141
     618.291        0.000      270.453     5723.141
     619.292        1.000      270.453     5723.141
     620.294        0.000      270.453     5723.141
     621.296        0.000      270.453     5723.141
     622.297        0.000      270.453     5723.141
     623.298        1.000      270.453     5723.141
     624.300        1.000      270.453     5723.141
     625.302        0.000      270.453     5723.141
     626.303        0.000      270.453     5723.141
     627.305        1.000      270.711     5723.141
     628.307        0.000      270.711     5723.141
     629.308        0.000      270.711     5723.141
     630.310        0.000      270.711     5723.141
     631.312        1.000      270.711     5723.141
     632.313        2.000      270.711     5723.141
     633.315        0.000      270.711     5723.141
     634.317        0.000      270.711     5723.141
     635.318        0.000      270.711     5723.141
     636.320        1.000      270.711     5723.141
     637.322        0.000      270.711     5723.141
     638.324        0.000      270.957     5723.141
     639.326        1.000      270.957     5723.141
     640.327        0.000      270.957     5723.141
     641.329        1.000      270.957     5723.141
     642.330        0.000      270.957     5723.141
     643.332        1.000      270.957     5723.141
     644.333        0.000      270.957     5723.141
     645.335        1.000      270.957     5723.141
     646.336        0.000      270.957     5723.141
     647.338        0.000      270.957     5723.141
     648.340        1.000      270.957     5723.141
     649.342        0.000      271.203     5723.141
     650.343        4.000      271.203     5723.141
     651.345        2.000      271.203     5723.141
     652.346        0.000      271.453     5723.141
     653.348        1.000      271.453     5723.141
     654.350        4.000      271.453     5723.141
     655.352        0.000      271.453     5723.141
     656.354        0.000      271.453     5723.141
     657.355        0.000      271.453     5723.141
     658.357        1.000      271.453     5723.141
     659.358        0.000      271.453     5723.141
     660.359        0.000      271.691     5723.141
     661.361        0.000      271.691     5723.141
     662.363        1.000      271.691     5723.141
     663.365        0.000      271.691     5723.141
     664.366        1.000      271.691     5723.141
     665.368        0.000      271.691     5723.141
     666.370        0.000      271.691     5723.141
     667.371        0.000      271.691     5723.141
     668.373        1.000      271.691     5723.141
     669.375        1.000      271.691     5723.141
     670.377        1.000      271.691     5723.141
     671.378        0.000      271.691     5723.141
     672.380        0.000      271.941     5723.141
     673.382        0.000      271.941     5723.141
     674.383        1.000      271.941     5723.141
     675.384        0.000      271.941     5723.141
     676.386        0.000      271.941     5723.141
     677.387        1.000      271.941     5723.141
     678.388        0.000      271.941     5723.141
     679.390        0.000      271.941     5723.141
     680.392        0.000      271.941     5723.141
     681.392        1.000      271.941     5723.141
     682.394        0.000      271.941     5723.141
     683.396        0.000      271.941     5723.141
     684.398        1.000      272.188     5723.141
     685.400        0.000      272.188     5723.141
     686.402        0.000      272.188     5723.141
     687.403        0.000      272.188     5723.141
     689.082        1.200      272.188     5723.141
     690.084        0.000      272.188     5723.141
     691.085        0.000      272.188     5723.141
     692.087        0.000      272.188     5723.141
     693.089        0.000      272.188     5723.141
     694.091        2.000      272.188     5723.141
     695.092        0.000      272.188     5723.141
     696.094        0.000      272.445     5723.141
     697.096        1.000      272.445     5723.141
     698.098        0.000      272.445     5723.141
     699.099        1.000      272.500     5723.141
     700.101        0.000      272.500     5723.141
     701.103        0.000      272.500     5723.141
     702.105        0.000      272.500     5723.141
     703.106        1.000      272.500     5723.141
     704.108        0.000      272.500     5723.141
     705.110        0.000      272.500     5723.141
     706.111        1.000      272.500     5723.141
     707.113        0.000      272.500     5723.141
     708.115        0.000      272.500     5723.141
     709.117        0.000      272.750     5723.141
     710.119        1.000      272.750     5723.141
     711.120        0.000      272.750     5723.141
     712.121        0.000      272.750     5723.141
     713.123        0.000      272.750     5723.141
     714.125        1.000      272.750     5723.141
     715.127        1.000      272.750     5723.141
     716.129        0.000      272.750     5723.141
     717.130        0.000      272.750     5723.141
     718.132        0.000      272.750     5723.141
     719.557        1.400      272.750     5723.141
     720.559        0.000      272.750     5723.141
     721.561        1.000      272.750     5723.141
     722.563        0.000      273.004     5723.141
     723.565        0.000      273.004     5723.141
     724.566        1.000      273.004     5723.141
     725.568        1.000      273.004     5723.141
     726.570        0.000      273.004     5723.141
     727.572        0.000      273.004     5723.141
     728.574        0.000      273.004     5723.141
     729.576        0.000      273.004     5723.141
     730.577        0.000      273.004     5723.141
     731.579        1.000      273.004     5723.141
     732.580        0.000      273.004     5723.141
     733.582        1.000      273.004     5723.141
     734.584        0.000      273.254     5723.141
     735.586        0.000      273.254     5723.141
     736.588        1.000      273.254     5723.141
     737.589        0.000      273.254     5723.141
     738.592        0.000      273.254     5723.141
     739.593        1.000      273.254     5723.141
     740.595        0.000      273.254     5723.141
     741.596        0.000      273.254     5723.141
     742.597        1.000      273.254     5723.141
     743.599        3.000      273.254     5723.141
     744.601        1.000      273.512     5723.141
     745.603        0.000      273.512     5723.141
     746.605        1.000      273.512     5723.141
     747.607        0.000      273.512     5723.141
     748.609        0.000      273.770     5723.141
     749.611        0.000      273.770     5723.141
     750.612        1.000      273.770     5723.141
     751.614        0.000      273.770     5723.141
     752.614        0.000      273.770     5723.141
     753.616        0.000      273.770     5723.141
     754.618        1.000      273.770     5723.141
     755.620        0.000      273.770     5723.141
     756.622        1.000      273.770     5723.141
     757.623        0.000      273.770     5723.141
     758.625        1.000      273.770     5723.141
     759.626        0.000      273.770     5723.141
     760.628        0.000      273.770     5723.141
     761.630        1.000      274.027     5723.141
     762.632        0.000      274.027     5723.141
     763.634        0.000      274.027     5723.141
     764.635        1.000      274.027     5723.141
     765.636        0.000      274.027     5723.141
     766.638        1.000      274.027     5723.141
     767.640        0.000      274.027     5723.141
     768.642        0.000      274.027     5723.141
     769.643        1.000      274.027     5723.141
     770.645        0.000      274.027     5723.141
     771.647        0.000      274.027     5723.141
     772.649        1.000      274.027     5723.141
     773.651        0.000      274.027     5723.141
     774.653        0.000      274.277     5723.141
     775.655        0.000      274.277     5723.141
     776.656        1.000      274.277     5723.141
     777.657        0.000      274.277     5723.141
     778.659        0.000      274.277     5723.141
     779.661        1.000      274.277     5723.141
     780.703        0.000      274.277     5723.141
     781.705        2.000      274.277     5723.141
     782.707        1.000      274.277     5723.141
     783.708        0.000      274.277     5723.141
     784.710        0.000      274.277     5723.141
     785.712        0.000      274.277     5723.141
     786.714        1.000      274.523     5723.141
     787.716        0.000      274.523     5723.141
     788.717        0.000      274.523     5723.141
     789.719        1.000      274.523     5723.141
     790.721        0.000      274.523     5723.141
     791.723        1.000      274.523     5723.141
     792.725        0.000      274.523     5723.141
     793.726        1.000      274.523     5723.141
     794.728        0.000      274.523     5723.141
     795.730        0.000      274.523     5723.141
     796.732        0.000      274.523     5723.141
     797.734        0.000      274.523     5723.141
     798.735        1.000      274.523     5723.141
     799.737        1.000      274.523     5723.141
     800.739        0.000      274.781     5723.141
     801.740        0.000      274.781     5723.141
     802.742        0.000      274.781     5723.141
     803.743        0.000      274.781     5723.141
     804.744        1.000      274.781     5723.141
     805.746        0.000      274.781     5723.141
     806.747        0.000      274.781     5723.141
     807.749        1.000      274.781     5723.141
     808.750        0.000      274.781     5723.141
     809.752        1.000      274.781     5723.141
     810.754        0.000      274.781     5723.141
     811.755        0.000      274.781     5723.141
     812.757        1.000      274.781     5723.141
     813.759        0.000      275.039     5723.141
     814.760        1.000      275.039     5723.141
     815.762        1.000      275.039     5723.141
     816.763        1.000      275.039     5723.141
     817.765        0.000      275.039     5723.141
     818.767        1.000      275.039     5723.141
     819.769        0.000      275.039     5723.141
     820.771        1.000      275.039     5723.141
     821.772        0.000      275.039     5723.141
     822.774        0.000      275.039     5723.141
     823.775        1.000      275.039     5723.141
     824.777        0.000      275.039     5723.141
     825.778        0.000      275.039     5723.141
     826.780        1.000      275.289     5723.141
     827.782        0.000      275.289     5723.141
     828.783        0.000      275.289     5723.141
     829.785        1.000      275.289     5723.141
     830.787        1.000      275.289     5723.141
     831.789        0.000      275.289     5723.141
     832.790        0.000      275.289     5723.141
     833.792        0.000      275.289     5723.141
     834.794        1.000      275.289     5723.141
     835.796        0.000      275.289     5723.141
     836.798        0.000      275.289     5723.141
     837.800        1.000      275.547     5723.141
     838.802        0.000      275.547     5723.141
     839.804        0.000      275.805     5723.141
     840.806        0.000      275.805     5723.141
     841.807        1.000      275.805     5723.141
     842.809        0.000      275.805     5723.141
     843.811        0.000      275.805     5723.141
     844.812        1.000      275.805     5723.141
     845.814        0.000      275.805     5723.141
     846.816        1.000      275.805     5723.141
     847.818        0.000      275.805     5723.141
     848.819        0.000      275.805     5723.141
     849.821        1.000      275.805     5723.141
     850.823        1.000      275.805     5723.141
     851.825        0.000      275.805     5723.141
     852.827        0.000      276.055     5723.141
     853.828       15.000      285.750     5723.141
